/home/s185927/.conda/envs/vjepa2-312/lib/python3.12/site-packages/pydantic/_internal/_generate_schema.py:2249: UnsupportedFieldAttributeWarning: The 'repr' attribute with value False was provided to the `Field()` function, which has no effect in the context it was used. 'repr' is field-specific metadata, and can only be attached to a model field using `Annotated` metadata or by assignment. This may have happened because an `Annotated` type alias using the `type` statement was used, or if the `Field()` function was attached to a single member of a union type.
  warnings.warn(
/home/s185927/.conda/envs/vjepa2-312/lib/python3.12/site-packages/pydantic/_internal/_generate_schema.py:2249: UnsupportedFieldAttributeWarning: The 'frozen' attribute with value True was provided to the `Field()` function, which has no effect in the context it was used. 'frozen' is field-specific metadata, and can only be attached to a model field using `Annotated` metadata or by assignment. This may have happened because an `Annotated` type alias using the `type` statement was used, or if the `Field()` function was attached to a single member of a union type.
  warnings.warn(
Loading config: /home/s185927/thesis/vjepa2/configs/train/vitg16/ablation/droid-256px-8f_075pct.yaml

Early Stopping Configuration:
  Patience: 3 epochs
  Validation frequency: every 1 epoch(s)
  Min delta: 0.0001

Output folder: /data/s185927/vjepa2/weights/droid/4.8.vitg16-256px-8f_075pct

Starting training with early stopping...
[INFO    ][2025-11-19 20:43:21][app.vjepa_droid.train_with_early_stopping][main_with_early_stopping ] Early stopping enabled: patience=3, min_delta=0.0001, val_freq=1
[INFO    ][2025-11-19 20:43:21][app.vjepa_droid.train_with_early_stopping][main_with_early_stopping ] which_dtype='bfloat16'
[INFO    ][2025-11-19 20:43:21][root                ][init_distributed         ] SLURM vars not set (distributed training not available)
[INFO    ][2025-11-19 20:43:21][app.vjepa_droid.train_with_early_stopping][main_with_early_stopping ] Initialized (rank/world-size) 0/1
[INFO    ][2025-11-19 20:43:29][root                ][init_video_model         ] VisionTransformer(
  (patch_embed): PatchEmbed3D(
    (proj): Conv3d(3, 1408, kernel_size=(2, 16, 16), stride=(2, 16, 16))
  )
  (blocks): ModuleList(
    (0-39): 40 x Block(
      (norm1): LayerNorm((1408,), eps=1e-06, elementwise_affine=True)
      (attn): RoPEAttention(
        (qkv): Linear(in_features=1408, out_features=4224, bias=True)
        (attn_drop): Dropout(p=0.0, inplace=False)
        (proj): Linear(in_features=1408, out_features=1408, bias=True)
        (proj_drop): Dropout(p=0.0, inplace=False)
      )
      (drop_path): Identity()
      (norm2): LayerNorm((1408,), eps=1e-06, elementwise_affine=True)
      (mlp): MLP(
        (fc1): Linear(in_features=1408, out_features=6144, bias=True)
        (act): GELU(approximate='none')
        (fc2): Linear(in_features=6144, out_features=1408, bias=True)
        (drop): Dropout(p=0.0, inplace=False)
      )
    )
  )
  (norm): LayerNorm((1408,), eps=1e-06, elementwise_affine=True)
)
[INFO    ][2025-11-19 20:43:29][root                ][init_video_model         ] VisionTransformerPredictorAC(
  (predictor_embed): Linear(in_features=1408, out_features=1024, bias=True)
  (action_encoder): Linear(in_features=7, out_features=1024, bias=True)
  (state_encoder): Linear(in_features=7, out_features=1024, bias=True)
  (extrinsics_encoder): Linear(in_features=6, out_features=1024, bias=True)
  (predictor_blocks): ModuleList(
    (0-23): 24 x ACBlock(
      (norm1): LayerNorm((1024,), eps=1e-06, elementwise_affine=True)
      (attn): ACRoPEAttention(
        (qkv): Linear(in_features=1024, out_features=3072, bias=True)
        (attn_drop): Dropout(p=0.0, inplace=False)
        (proj): Linear(in_features=1024, out_features=1024, bias=True)
        (proj_drop): Dropout(p=0.0, inplace=False)
      )
      (drop_path): Identity()
      (norm2): LayerNorm((1024,), eps=1e-06, elementwise_affine=True)
      (mlp): MLP(
        (fc1): Linear(in_features=1024, out_features=4096, bias=True)
        (act): GELU(approximate='none')
        (fc2): Linear(in_features=4096, out_features=1024, bias=True)
        (drop): Dropout(p=0.0, inplace=False)
      )
    )
  )
  (predictor_norm): LayerNorm((1024,), eps=1e-06, elementwise_affine=True)
  (predictor_proj): Linear(in_features=1024, out_features=1408, bias=True)
)
[INFO    ][2025-11-19 20:43:29][root                ][init_video_model         ] Encoder number of parameters: 1012173952
[INFO    ][2025-11-19 20:43:29][root                ][init_video_model         ] Predictor number of parameters: 305220992
[INFO    ][2025-11-19 20:43:29][root                ][init_data                ] VideoDataset unsupervised data loader created
[INFO    ][2025-11-19 20:43:29][root                ][init_data                ] VideoDataset unsupervised data loader created
[INFO    ][2025-11-19 20:43:29][app.vjepa_droid.train_with_early_stopping][main_with_early_stopping ] Validation loader created with 20 batches
[INFO    ][2025-11-19 20:43:29][app.vjepa_droid.train_with_early_stopping][main_with_early_stopping ] iterations per epoch/dataset length: 300/60
[INFO    ][2025-11-19 20:43:29][app.vjepa_droid.train_with_early_stopping][main_with_early_stopping ] Single GPU mode - not using DistributedDataParallel
[INFO    ][2025-11-19 20:43:29][app.vjepa_droid.train_with_early_stopping][main_with_early_stopping ] Loading pretrained weights (single GPU mode) from /data/s185927/vjepa2/weights/vitg-384.pt
[INFO    ][2025-11-19 20:43:41][app.vjepa_droid.train_with_early_stopping][main_with_early_stopping ] Loaded pretrained encoder with msg: <All keys matched successfully>
[INFO    ][2025-11-19 20:43:41][app.vjepa_droid.train_with_early_stopping][main_with_early_stopping ] Loaded pretrained target encoder with msg: <All keys matched successfully>
[INFO    ][2025-11-19 20:43:41][app.vjepa_droid.train_with_early_stopping][main_with_early_stopping ] Initializing loader...
[INFO    ][2025-11-19 20:43:41][app.vjepa_droid.train_with_early_stopping][main_with_early_stopping ] Epoch 1
/home/s185927/.conda/envs/vjepa2-312/lib/python3.12/site-packages/pydantic/_internal/_generate_schema.py:2249: UnsupportedFieldAttributeWarning: The 'repr' attribute with value False was provided to the `Field()` function, which has no effect in the context it was used. 'repr' is field-specific metadata, and can only be attached to a model field using `Annotated` metadata or by assignment. This may have happened because an `Annotated` type alias using the `type` statement was used, or if the `Field()` function was attached to a single member of a union type.
  warnings.warn(
/home/s185927/.conda/envs/vjepa2-312/lib/python3.12/site-packages/pydantic/_internal/_generate_schema.py:2249: UnsupportedFieldAttributeWarning: The 'frozen' attribute with value True was provided to the `Field()` function, which has no effect in the context it was used. 'frozen' is field-specific metadata, and can only be attached to a model field using `Annotated` metadata or by assignment. This may have happened because an `Annotated` type alias using the `type` statement was used, or if the `Field()` function was attached to a single member of a union type.
  warnings.warn(
/home/s185927/.conda/envs/vjepa2-312/lib/python3.12/site-packages/pydantic/_internal/_generate_schema.py:2249: UnsupportedFieldAttributeWarning: The 'repr' attribute with value False was provided to the `Field()` function, which has no effect in the context it was used. 'repr' is field-specific metadata, and can only be attached to a model field using `Annotated` metadata or by assignment. This may have happened because an `Annotated` type alias using the `type` statement was used, or if the `Field()` function was attached to a single member of a union type.
  warnings.warn(
/home/s185927/.conda/envs/vjepa2-312/lib/python3.12/site-packages/pydantic/_internal/_generate_schema.py:2249: UnsupportedFieldAttributeWarning: The 'frozen' attribute with value True was provided to the `Field()` function, which has no effect in the context it was used. 'frozen' is field-specific metadata, and can only be attached to a model field using `Annotated` metadata or by assignment. This may have happened because an `Annotated` type alias using the `type` statement was used, or if the `Field()` function was attached to a single member of a union type.
  warnings.warn(
/home/s185927/.conda/envs/vjepa2-312/lib/python3.12/site-packages/pydantic/_internal/_generate_schema.py:2249: UnsupportedFieldAttributeWarning: The 'repr' attribute with value False was provided to the `Field()` function, which has no effect in the context it was used. 'repr' is field-specific metadata, and can only be attached to a model field using `Annotated` metadata or by assignment. This may have happened because an `Annotated` type alias using the `type` statement was used, or if the `Field()` function was attached to a single member of a union type.
  warnings.warn(
/home/s185927/.conda/envs/vjepa2-312/lib/python3.12/site-packages/pydantic/_internal/_generate_schema.py:2249: UnsupportedFieldAttributeWarning: The 'frozen' attribute with value True was provided to the `Field()` function, which has no effect in the context it was used. 'frozen' is field-specific metadata, and can only be attached to a model field using `Annotated` metadata or by assignment. This may have happened because an `Annotated` type alias using the `type` statement was used, or if the `Field()` function was attached to a single member of a union type.
  warnings.warn(
/home/s185927/.conda/envs/vjepa2-312/lib/python3.12/site-packages/pydantic/_internal/_generate_schema.py:2249: UnsupportedFieldAttributeWarning: The 'repr' attribute with value False was provided to the `Field()` function, which has no effect in the context it was used. 'repr' is field-specific metadata, and can only be attached to a model field using `Annotated` metadata or by assignment. This may have happened because an `Annotated` type alias using the `type` statement was used, or if the `Field()` function was attached to a single member of a union type.
  warnings.warn(
/home/s185927/.conda/envs/vjepa2-312/lib/python3.12/site-packages/pydantic/_internal/_generate_schema.py:2249: UnsupportedFieldAttributeWarning: The 'frozen' attribute with value True was provided to the `Field()` function, which has no effect in the context it was used. 'frozen' is field-specific metadata, and can only be attached to a model field using `Annotated` metadata or by assignment. This may have happened because an `Annotated` type alias using the `type` statement was used, or if the `Field()` function was attached to a single member of a union type.
  warnings.warn(
/home/s185927/.conda/envs/vjepa2-312/lib/python3.12/site-packages/pydantic/_internal/_generate_schema.py:2249: UnsupportedFieldAttributeWarning: The 'repr' attribute with value False was provided to the `Field()` function, which has no effect in the context it was used. 'repr' is field-specific metadata, and can only be attached to a model field using `Annotated` metadata or by assignment. This may have happened because an `Annotated` type alias using the `type` statement was used, or if the `Field()` function was attached to a single member of a union type.
  warnings.warn(
/home/s185927/.conda/envs/vjepa2-312/lib/python3.12/site-packages/pydantic/_internal/_generate_schema.py:2249: UnsupportedFieldAttributeWarning: The 'frozen' attribute with value True was provided to the `Field()` function, which has no effect in the context it was used. 'frozen' is field-specific metadata, and can only be attached to a model field using `Annotated` metadata or by assignment. This may have happened because an `Annotated` type alias using the `type` statement was used, or if the `Field()` function was attached to a single member of a union type.
  warnings.warn(
/home/s185927/.conda/envs/vjepa2-312/lib/python3.12/site-packages/pydantic/_internal/_generate_schema.py:2249: UnsupportedFieldAttributeWarning: The 'repr' attribute with value False was provided to the `Field()` function, which has no effect in the context it was used. 'repr' is field-specific metadata, and can only be attached to a model field using `Annotated` metadata or by assignment. This may have happened because an `Annotated` type alias using the `type` statement was used, or if the `Field()` function was attached to a single member of a union type.
  warnings.warn(
/home/s185927/.conda/envs/vjepa2-312/lib/python3.12/site-packages/pydantic/_internal/_generate_schema.py:2249: UnsupportedFieldAttributeWarning: The 'frozen' attribute with value True was provided to the `Field()` function, which has no effect in the context it was used. 'frozen' is field-specific metadata, and can only be attached to a model field using `Annotated` metadata or by assignment. This may have happened because an `Annotated` type alias using the `type` statement was used, or if the `Field()` function was attached to a single member of a union type.
  warnings.warn(
/home/s185927/.conda/envs/vjepa2-312/lib/python3.12/site-packages/pydantic/_internal/_generate_schema.py:2249: UnsupportedFieldAttributeWarning: The 'repr' attribute with value False was provided to the `Field()` function, which has no effect in the context it was used. 'repr' is field-specific metadata, and can only be attached to a model field using `Annotated` metadata or by assignment. This may have happened because an `Annotated` type alias using the `type` statement was used, or if the `Field()` function was attached to a single member of a union type.
  warnings.warn(
/home/s185927/.conda/envs/vjepa2-312/lib/python3.12/site-packages/pydantic/_internal/_generate_schema.py:2249: UnsupportedFieldAttributeWarning: The 'frozen' attribute with value True was provided to the `Field()` function, which has no effect in the context it was used. 'frozen' is field-specific metadata, and can only be attached to a model field using `Annotated` metadata or by assignment. This may have happened because an `Annotated` type alias using the `type` statement was used, or if the `Field()` function was attached to a single member of a union type.
  warnings.warn(
/home/s185927/.conda/envs/vjepa2-312/lib/python3.12/site-packages/pydantic/_internal/_generate_schema.py:2249: UnsupportedFieldAttributeWarning: The 'repr' attribute with value False was provided to the `Field()` function, which has no effect in the context it was used. 'repr' is field-specific metadata, and can only be attached to a model field using `Annotated` metadata or by assignment. This may have happened because an `Annotated` type alias using the `type` statement was used, or if the `Field()` function was attached to a single member of a union type.
  warnings.warn(
/home/s185927/.conda/envs/vjepa2-312/lib/python3.12/site-packages/pydantic/_internal/_generate_schema.py:2249: UnsupportedFieldAttributeWarning: The 'frozen' attribute with value True was provided to the `Field()` function, which has no effect in the context it was used. 'frozen' is field-specific metadata, and can only be attached to a model field using `Annotated` metadata or by assignment. This may have happened because an `Annotated` type alias using the `type` statement was used, or if the `Field()` function was attached to a single member of a union type.
  warnings.warn(
/home/s185927/.conda/envs/vjepa2-312/lib/python3.12/site-packages/pydantic/_internal/_generate_schema.py:2249: UnsupportedFieldAttributeWarning: The 'repr' attribute with value False was provided to the `Field()` function, which has no effect in the context it was used. 'repr' is field-specific metadata, and can only be attached to a model field using `Annotated` metadata or by assignment. This may have happened because an `Annotated` type alias using the `type` statement was used, or if the `Field()` function was attached to a single member of a union type.
  warnings.warn(
/home/s185927/.conda/envs/vjepa2-312/lib/python3.12/site-packages/pydantic/_internal/_generate_schema.py:2249: UnsupportedFieldAttributeWarning: The 'frozen' attribute with value True was provided to the `Field()` function, which has no effect in the context it was used. 'frozen' is field-specific metadata, and can only be attached to a model field using `Annotated` metadata or by assignment. This may have happened because an `Annotated` type alias using the `type` statement was used, or if the `Field()` function was attached to a single member of a union type.
  warnings.warn(
/home/s185927/.conda/envs/vjepa2-312/lib/python3.12/site-packages/pydantic/_internal/_generate_schema.py:2249: UnsupportedFieldAttributeWarning: The 'repr' attribute with value False was provided to the `Field()` function, which has no effect in the context it was used. 'repr' is field-specific metadata, and can only be attached to a model field using `Annotated` metadata or by assignment. This may have happened because an `Annotated` type alias using the `type` statement was used, or if the `Field()` function was attached to a single member of a union type.
  warnings.warn(
/home/s185927/.conda/envs/vjepa2-312/lib/python3.12/site-packages/pydantic/_internal/_generate_schema.py:2249: UnsupportedFieldAttributeWarning: The 'frozen' attribute with value True was provided to the `Field()` function, which has no effect in the context it was used. 'frozen' is field-specific metadata, and can only be attached to a model field using `Annotated` metadata or by assignment. This may have happened because an `Annotated` type alias using the `type` statement was used, or if the `Field()` function was attached to a single member of a union type.
  warnings.warn(
/home/s185927/.conda/envs/vjepa2-312/lib/python3.12/site-packages/pydantic/_internal/_generate_schema.py:2249: UnsupportedFieldAttributeWarning: The 'repr' attribute with value False was provided to the `Field()` function, which has no effect in the context it was used. 'repr' is field-specific metadata, and can only be attached to a model field using `Annotated` metadata or by assignment. This may have happened because an `Annotated` type alias using the `type` statement was used, or if the `Field()` function was attached to a single member of a union type.
  warnings.warn(
/home/s185927/.conda/envs/vjepa2-312/lib/python3.12/site-packages/pydantic/_internal/_generate_schema.py:2249: UnsupportedFieldAttributeWarning: The 'frozen' attribute with value True was provided to the `Field()` function, which has no effect in the context it was used. 'frozen' is field-specific metadata, and can only be attached to a model field using `Annotated` metadata or by assignment. This may have happened because an `Annotated` type alias using the `type` statement was used, or if the `Field()` function was attached to a single member of a union type.
  warnings.warn(
/home/s185927/.conda/envs/vjepa2-312/lib/python3.12/site-packages/pydantic/_internal/_generate_schema.py:2249: UnsupportedFieldAttributeWarning: The 'repr' attribute with value False was provided to the `Field()` function, which has no effect in the context it was used. 'repr' is field-specific metadata, and can only be attached to a model field using `Annotated` metadata or by assignment. This may have happened because an `Annotated` type alias using the `type` statement was used, or if the `Field()` function was attached to a single member of a union type.
  warnings.warn(
/home/s185927/.conda/envs/vjepa2-312/lib/python3.12/site-packages/pydantic/_internal/_generate_schema.py:2249: UnsupportedFieldAttributeWarning: The 'frozen' attribute with value True was provided to the `Field()` function, which has no effect in the context it was used. 'frozen' is field-specific metadata, and can only be attached to a model field using `Annotated` metadata or by assignment. This may have happened because an `Annotated` type alias using the `type` statement was used, or if the `Field()` function was attached to a single member of a union type.
  warnings.warn(
[INFO    ][2025-11-19 20:43:46][app.vjepa_droid.train_with_early_stopping][log_stats                ] [1,     0] loss: 2.052 [1.03, 1.03] [wd: 4.00e-02] [lr: 7.51e-05] [mem: 2.51e+04] [iter: 5505.5 ms] [gpu: 2022.2 ms] [data: 3483.1 ms]
[INFO    ][2025-11-19 20:43:57][app.vjepa_droid.train_with_early_stopping][log_stats                ] [1,    10] loss: 1.474 [0.74, 0.74] [wd: 4.00e-02] [lr: 7.59e-05] [mem: 2.51e+04] [iter: 1533.5 ms] [gpu: 1215.8 ms] [data: 316.8 ms]
[INFO    ][2025-11-19 20:44:09][app.vjepa_droid.train_with_early_stopping][log_stats                ] [1,    20] loss: 1.311 [0.65, 0.66] [wd: 4.00e-02] [lr: 7.66e-05] [mem: 2.51e+04] [iter: 1353.4 ms] [gpu: 1186.4 ms] [data: 166.0 ms]
[INFO    ][2025-11-19 20:44:20][app.vjepa_droid.train_with_early_stopping][log_stats                ] [1,    30] loss: 1.225 [0.61, 0.61] [wd: 4.00e-02] [lr: 7.74e-05] [mem: 2.51e+04] [iter: 1289.4 ms] [gpu: 1176.0 ms] [data: 112.5 ms]
[INFO    ][2025-11-19 20:44:32][app.vjepa_droid.train_with_early_stopping][log_stats                ] [1,    40] loss: 1.168 [0.58, 0.59] [wd: 4.00e-02] [lr: 7.82e-05] [mem: 2.51e+04] [iter: 1255.7 ms] [gpu: 1169.7 ms] [data: 85.1 ms]
[INFO    ][2025-11-19 20:44:44][app.vjepa_droid.train_with_early_stopping][log_stats                ] [1,    50] loss: 1.126 [0.56, 0.57] [wd: 4.00e-02] [lr: 7.90e-05] [mem: 2.51e+04] [iter: 1236.3 ms] [gpu: 1166.9 ms] [data: 68.5 ms]
[INFO    ][2025-11-19 20:44:54][app.vjepa_droid.train_with_early_stopping][main_with_early_stopping ] Exhausted data loaders. Refreshing...
[INFO    ][2025-11-19 20:44:56][app.vjepa_droid.train_with_early_stopping][log_stats                ] [1,    60] loss: 1.093 [0.54, 0.55] [wd: 4.00e-02] [lr: 7.97e-05] [mem: 2.51e+04] [iter: 1238.6 ms] [gpu: 1167.8 ms] [data: 69.8 ms]
[INFO    ][2025-11-19 20:45:08][app.vjepa_droid.train_with_early_stopping][log_stats                ] [1,    70] loss: 1.062 [0.53, 0.53] [wd: 4.00e-02] [lr: 8.05e-05] [mem: 2.51e+04] [iter: 1226.4 ms] [gpu: 1165.5 ms] [data: 60.0 ms]
[INFO    ][2025-11-19 20:45:19][app.vjepa_droid.train_with_early_stopping][log_stats                ] [1,    80] loss: 1.034 [0.51, 0.52] [wd: 4.00e-02] [lr: 8.13e-05] [mem: 2.51e+04] [iter: 1217.4 ms] [gpu: 1163.8 ms] [data: 52.6 ms]
[INFO    ][2025-11-19 20:45:31][app.vjepa_droid.train_with_early_stopping][log_stats                ] [1,    90] loss: 1.008 [0.50, 0.51] [wd: 4.00e-02] [lr: 8.21e-05] [mem: 2.51e+04] [iter: 1210.6 ms] [gpu: 1162.8 ms] [data: 46.9 ms]
[INFO    ][2025-11-19 20:45:42][app.vjepa_droid.train_with_early_stopping][log_stats                ] [1,   100] loss: 0.984 [0.49, 0.49] [wd: 4.00e-02] [lr: 8.29e-05] [mem: 2.51e+04] [iter: 1203.6 ms] [gpu: 1160.4 ms] [data: 42.2 ms]
[INFO    ][2025-11-19 20:45:54][app.vjepa_droid.train_with_early_stopping][log_stats                ] [1,   110] loss: 0.961 [0.48, 0.48] [wd: 4.00e-02] [lr: 8.36e-05] [mem: 2.51e+04] [iter: 1198.8 ms] [gpu: 1159.4 ms] [data: 38.4 ms]
[INFO    ][2025-11-19 20:46:04][app.vjepa_droid.train_with_early_stopping][main_with_early_stopping ] Exhausted data loaders. Refreshing...
[INFO    ][2025-11-19 20:46:06][app.vjepa_droid.train_with_early_stopping][log_stats                ] [1,   120] loss: 0.940 [0.47, 0.47] [wd: 4.00e-02] [lr: 8.44e-05] [mem: 2.51e+04] [iter: 1204.5 ms] [gpu: 1160.5 ms] [data: 43.0 ms]
[INFO    ][2025-11-19 20:46:18][app.vjepa_droid.train_with_early_stopping][log_stats                ] [1,   130] loss: 0.921 [0.46, 0.46] [wd: 4.00e-02] [lr: 8.52e-05] [mem: 2.51e+04] [iter: 1201.6 ms] [gpu: 1160.9 ms] [data: 39.8 ms]
[INFO    ][2025-11-19 20:46:30][app.vjepa_droid.train_with_early_stopping][log_stats                ] [1,   140] loss: 0.904 [0.45, 0.45] [wd: 4.00e-02] [lr: 8.60e-05] [mem: 2.51e+04] [iter: 1199.1 ms] [gpu: 1161.2 ms] [data: 37.0 ms]
[INFO    ][2025-11-19 20:46:41][app.vjepa_droid.train_with_early_stopping][log_stats                ] [1,   150] loss: 0.886 [0.44, 0.44] [wd: 4.00e-02] [lr: 8.67e-05] [mem: 2.51e+04] [iter: 1196.0 ms] [gpu: 1160.6 ms] [data: 34.5 ms]
[INFO    ][2025-11-19 20:46:53][app.vjepa_droid.train_with_early_stopping][log_stats                ] [1,   160] loss: 0.871 [0.43, 0.44] [wd: 4.00e-02] [lr: 8.75e-05] [mem: 2.51e+04] [iter: 1194.0 ms] [gpu: 1160.7 ms] [data: 32.4 ms]
[INFO    ][2025-11-19 20:47:04][app.vjepa_droid.train_with_early_stopping][log_stats                ] [1,   170] loss: 0.856 [0.43, 0.43] [wd: 4.00e-02] [lr: 8.83e-05] [mem: 2.51e+04] [iter: 1192.2 ms] [gpu: 1160.8 ms] [data: 30.5 ms]
[INFO    ][2025-11-19 20:47:15][app.vjepa_droid.train_with_early_stopping][main_with_early_stopping ] Exhausted data loaders. Refreshing...
[INFO    ][2025-11-19 20:47:17][app.vjepa_droid.train_with_early_stopping][log_stats                ] [1,   180] loss: 0.843 [0.42, 0.42] [wd: 4.00e-02] [lr: 8.91e-05] [mem: 2.51e+04] [iter: 1197.6 ms] [gpu: 1162.4 ms] [data: 34.3 ms]
[INFO    ][2025-11-19 20:47:29][app.vjepa_droid.train_with_early_stopping][log_stats                ] [1,   190] loss: 0.831 [0.41, 0.42] [wd: 4.00e-02] [lr: 8.99e-05] [mem: 2.51e+04] [iter: 1195.4 ms] [gpu: 1161.9 ms] [data: 32.5 ms]
[INFO    ][2025-11-19 20:47:40][app.vjepa_droid.train_with_early_stopping][log_stats                ] [1,   200] loss: 0.820 [0.41, 0.41] [wd: 4.00e-02] [lr: 9.06e-05] [mem: 2.51e+04] [iter: 1192.9 ms] [gpu: 1161.1 ms] [data: 30.9 ms]
[INFO    ][2025-11-19 20:47:52][app.vjepa_droid.train_with_early_stopping][log_stats                ] [1,   210] loss: 0.809 [0.40, 0.41] [wd: 4.00e-02] [lr: 9.14e-05] [mem: 2.51e+04] [iter: 1191.4 ms] [gpu: 1161.0 ms] [data: 29.4 ms]
[INFO    ][2025-11-19 20:48:03][app.vjepa_droid.train_with_early_stopping][log_stats                ] [1,   220] loss: 0.799 [0.40, 0.40] [wd: 4.00e-02] [lr: 9.22e-05] [mem: 2.51e+04] [iter: 1189.6 ms] [gpu: 1160.6 ms] [data: 28.1 ms]
[INFO    ][2025-11-19 20:48:15][app.vjepa_droid.train_with_early_stopping][log_stats                ] [1,   230] loss: 0.789 [0.39, 0.39] [wd: 4.00e-02] [lr: 9.30e-05] [mem: 2.51e+04] [iter: 1188.0 ms] [gpu: 1160.1 ms] [data: 26.9 ms]
[INFO    ][2025-11-19 20:48:25][app.vjepa_droid.train_with_early_stopping][main_with_early_stopping ] Exhausted data loaders. Refreshing...
[INFO    ][2025-11-19 20:48:28][app.vjepa_droid.train_with_early_stopping][log_stats                ] [1,   240] loss: 0.780 [0.39, 0.39] [wd: 4.00e-02] [lr: 9.37e-05] [mem: 2.51e+04] [iter: 1190.9 ms] [gpu: 1160.2 ms] [data: 29.7 ms]
[INFO    ][2025-11-19 20:48:39][app.vjepa_droid.train_with_early_stopping][log_stats                ] [1,   250] loss: 0.771 [0.39, 0.39] [wd: 4.00e-02] [lr: 9.45e-05] [mem: 2.51e+04] [iter: 1189.5 ms] [gpu: 1160.0 ms] [data: 28.5 ms]
[INFO    ][2025-11-19 20:48:51][app.vjepa_droid.train_with_early_stopping][log_stats                ] [1,   260] loss: 0.763 [0.38, 0.38] [wd: 4.00e-02] [lr: 9.53e-05] [mem: 2.51e+04] [iter: 1188.3 ms] [gpu: 1159.9 ms] [data: 27.5 ms]
[INFO    ][2025-11-19 20:49:02][app.vjepa_droid.train_with_early_stopping][log_stats                ] [1,   270] loss: 0.756 [0.38, 0.38] [wd: 4.00e-02] [lr: 9.61e-05] [mem: 2.51e+04] [iter: 1187.1 ms] [gpu: 1159.7 ms] [data: 26.4 ms]
[INFO    ][2025-11-19 20:49:14][app.vjepa_droid.train_with_early_stopping][log_stats                ] [1,   280] loss: 0.748 [0.37, 0.37] [wd: 4.00e-02] [lr: 9.69e-05] [mem: 2.51e+04] [iter: 1185.9 ms] [gpu: 1159.4 ms] [data: 25.5 ms]
[INFO    ][2025-11-19 20:49:25][app.vjepa_droid.train_with_early_stopping][log_stats                ] [1,   290] loss: 0.741 [0.37, 0.37] [wd: 4.00e-02] [lr: 9.76e-05] [mem: 2.51e+04] [iter: 1184.3 ms] [gpu: 1158.7 ms] [data: 24.6 ms]
[INFO    ][2025-11-19 20:49:36][app.vjepa_droid.train_with_early_stopping][log_stats                ] [1,   299] loss: 0.735 [0.37, 0.37] [wd: 4.00e-02] [lr: 9.83e-05] [mem: 2.51e+04] [iter: 1183.3 ms] [gpu: 1158.5 ms] [data: 23.9 ms]
[INFO    ][2025-11-19 20:49:36][app.vjepa_droid.train_with_early_stopping][main_with_early_stopping ] avg. loss 0.735
[INFO    ][2025-11-19 20:49:43][app.vjepa_droid.train_with_early_stopping][main_with_early_stopping ] Running validation...
/home/s185927/.conda/envs/vjepa2-312/lib/python3.12/site-packages/pydantic/_internal/_generate_schema.py:2249: UnsupportedFieldAttributeWarning: The 'repr' attribute with value False was provided to the `Field()` function, which has no effect in the context it was used. 'repr' is field-specific metadata, and can only be attached to a model field using `Annotated` metadata or by assignment. This may have happened because an `Annotated` type alias using the `type` statement was used, or if the `Field()` function was attached to a single member of a union type.
  warnings.warn(
/home/s185927/.conda/envs/vjepa2-312/lib/python3.12/site-packages/pydantic/_internal/_generate_schema.py:2249: UnsupportedFieldAttributeWarning: The 'frozen' attribute with value True was provided to the `Field()` function, which has no effect in the context it was used. 'frozen' is field-specific metadata, and can only be attached to a model field using `Annotated` metadata or by assignment. This may have happened because an `Annotated` type alias using the `type` statement was used, or if the `Field()` function was attached to a single member of a union type.
  warnings.warn(
/home/s185927/.conda/envs/vjepa2-312/lib/python3.12/site-packages/pydantic/_internal/_generate_schema.py:2249: UnsupportedFieldAttributeWarning: The 'repr' attribute with value False was provided to the `Field()` function, which has no effect in the context it was used. 'repr' is field-specific metadata, and can only be attached to a model field using `Annotated` metadata or by assignment. This may have happened because an `Annotated` type alias using the `type` statement was used, or if the `Field()` function was attached to a single member of a union type.
  warnings.warn(
/home/s185927/.conda/envs/vjepa2-312/lib/python3.12/site-packages/pydantic/_internal/_generate_schema.py:2249: UnsupportedFieldAttributeWarning: The 'frozen' attribute with value True was provided to the `Field()` function, which has no effect in the context it was used. 'frozen' is field-specific metadata, and can only be attached to a model field using `Annotated` metadata or by assignment. This may have happened because an `Annotated` type alias using the `type` statement was used, or if the `Field()` function was attached to a single member of a union type.
  warnings.warn(
/home/s185927/.conda/envs/vjepa2-312/lib/python3.12/site-packages/pydantic/_internal/_generate_schema.py:2249: UnsupportedFieldAttributeWarning: The 'repr' attribute with value False was provided to the `Field()` function, which has no effect in the context it was used. 'repr' is field-specific metadata, and can only be attached to a model field using `Annotated` metadata or by assignment. This may have happened because an `Annotated` type alias using the `type` statement was used, or if the `Field()` function was attached to a single member of a union type.
  warnings.warn(
/home/s185927/.conda/envs/vjepa2-312/lib/python3.12/site-packages/pydantic/_internal/_generate_schema.py:2249: UnsupportedFieldAttributeWarning: The 'frozen' attribute with value True was provided to the `Field()` function, which has no effect in the context it was used. 'frozen' is field-specific metadata, and can only be attached to a model field using `Annotated` metadata or by assignment. This may have happened because an `Annotated` type alias using the `type` statement was used, or if the `Field()` function was attached to a single member of a union type.
  warnings.warn(
/home/s185927/.conda/envs/vjepa2-312/lib/python3.12/site-packages/pydantic/_internal/_generate_schema.py:2249: UnsupportedFieldAttributeWarning: The 'repr' attribute with value False was provided to the `Field()` function, which has no effect in the context it was used. 'repr' is field-specific metadata, and can only be attached to a model field using `Annotated` metadata or by assignment. This may have happened because an `Annotated` type alias using the `type` statement was used, or if the `Field()` function was attached to a single member of a union type.
  warnings.warn(
/home/s185927/.conda/envs/vjepa2-312/lib/python3.12/site-packages/pydantic/_internal/_generate_schema.py:2249: UnsupportedFieldAttributeWarning: The 'frozen' attribute with value True was provided to the `Field()` function, which has no effect in the context it was used. 'frozen' is field-specific metadata, and can only be attached to a model field using `Annotated` metadata or by assignment. This may have happened because an `Annotated` type alias using the `type` statement was used, or if the `Field()` function was attached to a single member of a union type.
  warnings.warn(
/home/s185927/.conda/envs/vjepa2-312/lib/python3.12/site-packages/pydantic/_internal/_generate_schema.py:2249: UnsupportedFieldAttributeWarning: The 'repr' attribute with value False was provided to the `Field()` function, which has no effect in the context it was used. 'repr' is field-specific metadata, and can only be attached to a model field using `Annotated` metadata or by assignment. This may have happened because an `Annotated` type alias using the `type` statement was used, or if the `Field()` function was attached to a single member of a union type.
  warnings.warn(
/home/s185927/.conda/envs/vjepa2-312/lib/python3.12/site-packages/pydantic/_internal/_generate_schema.py:2249: UnsupportedFieldAttributeWarning: The 'frozen' attribute with value True was provided to the `Field()` function, which has no effect in the context it was used. 'frozen' is field-specific metadata, and can only be attached to a model field using `Annotated` metadata or by assignment. This may have happened because an `Annotated` type alias using the `type` statement was used, or if the `Field()` function was attached to a single member of a union type.
  warnings.warn(
/home/s185927/.conda/envs/vjepa2-312/lib/python3.12/site-packages/pydantic/_internal/_generate_schema.py:2249: UnsupportedFieldAttributeWarning: The 'repr' attribute with value False was provided to the `Field()` function, which has no effect in the context it was used. 'repr' is field-specific metadata, and can only be attached to a model field using `Annotated` metadata or by assignment. This may have happened because an `Annotated` type alias using the `type` statement was used, or if the `Field()` function was attached to a single member of a union type.
  warnings.warn(
/home/s185927/.conda/envs/vjepa2-312/lib/python3.12/site-packages/pydantic/_internal/_generate_schema.py:2249: UnsupportedFieldAttributeWarning: The 'frozen' attribute with value True was provided to the `Field()` function, which has no effect in the context it was used. 'frozen' is field-specific metadata, and can only be attached to a model field using `Annotated` metadata or by assignment. This may have happened because an `Annotated` type alias using the `type` statement was used, or if the `Field()` function was attached to a single member of a union type.
  warnings.warn(
/home/s185927/.conda/envs/vjepa2-312/lib/python3.12/site-packages/pydantic/_internal/_generate_schema.py:2249: UnsupportedFieldAttributeWarning: The 'repr' attribute with value False was provided to the `Field()` function, which has no effect in the context it was used. 'repr' is field-specific metadata, and can only be attached to a model field using `Annotated` metadata or by assignment. This may have happened because an `Annotated` type alias using the `type` statement was used, or if the `Field()` function was attached to a single member of a union type.
  warnings.warn(
/home/s185927/.conda/envs/vjepa2-312/lib/python3.12/site-packages/pydantic/_internal/_generate_schema.py:2249: UnsupportedFieldAttributeWarning: The 'frozen' attribute with value True was provided to the `Field()` function, which has no effect in the context it was used. 'frozen' is field-specific metadata, and can only be attached to a model field using `Annotated` metadata or by assignment. This may have happened because an `Annotated` type alias using the `type` statement was used, or if the `Field()` function was attached to a single member of a union type.
  warnings.warn(
/home/s185927/.conda/envs/vjepa2-312/lib/python3.12/site-packages/pydantic/_internal/_generate_schema.py:2249: UnsupportedFieldAttributeWarning: The 'repr' attribute with value False was provided to the `Field()` function, which has no effect in the context it was used. 'repr' is field-specific metadata, and can only be attached to a model field using `Annotated` metadata or by assignment. This may have happened because an `Annotated` type alias using the `type` statement was used, or if the `Field()` function was attached to a single member of a union type.
  warnings.warn(
/home/s185927/.conda/envs/vjepa2-312/lib/python3.12/site-packages/pydantic/_internal/_generate_schema.py:2249: UnsupportedFieldAttributeWarning: The 'frozen' attribute with value True was provided to the `Field()` function, which has no effect in the context it was used. 'frozen' is field-specific metadata, and can only be attached to a model field using `Annotated` metadata or by assignment. This may have happened because an `Annotated` type alias using the `type` statement was used, or if the `Field()` function was attached to a single member of a union type.
  warnings.warn(
/home/s185927/.conda/envs/vjepa2-312/lib/python3.12/site-packages/pydantic/_internal/_generate_schema.py:2249: UnsupportedFieldAttributeWarning: The 'repr' attribute with value False was provided to the `Field()` function, which has no effect in the context it was used. 'repr' is field-specific metadata, and can only be attached to a model field using `Annotated` metadata or by assignment. This may have happened because an `Annotated` type alias using the `type` statement was used, or if the `Field()` function was attached to a single member of a union type.
  warnings.warn(
/home/s185927/.conda/envs/vjepa2-312/lib/python3.12/site-packages/pydantic/_internal/_generate_schema.py:2249: UnsupportedFieldAttributeWarning: The 'frozen' attribute with value True was provided to the `Field()` function, which has no effect in the context it was used. 'frozen' is field-specific metadata, and can only be attached to a model field using `Annotated` metadata or by assignment. This may have happened because an `Annotated` type alias using the `type` statement was used, or if the `Field()` function was attached to a single member of a union type.
  warnings.warn(
/home/s185927/.conda/envs/vjepa2-312/lib/python3.12/site-packages/pydantic/_internal/_generate_schema.py:2249: UnsupportedFieldAttributeWarning: The 'repr' attribute with value False was provided to the `Field()` function, which has no effect in the context it was used. 'repr' is field-specific metadata, and can only be attached to a model field using `Annotated` metadata or by assignment. This may have happened because an `Annotated` type alias using the `type` statement was used, or if the `Field()` function was attached to a single member of a union type.
  warnings.warn(
/home/s185927/.conda/envs/vjepa2-312/lib/python3.12/site-packages/pydantic/_internal/_generate_schema.py:2249: UnsupportedFieldAttributeWarning: The 'frozen' attribute with value True was provided to the `Field()` function, which has no effect in the context it was used. 'frozen' is field-specific metadata, and can only be attached to a model field using `Annotated` metadata or by assignment. This may have happened because an `Annotated` type alias using the `type` statement was used, or if the `Field()` function was attached to a single member of a union type.
  warnings.warn(
/home/s185927/.conda/envs/vjepa2-312/lib/python3.12/site-packages/pydantic/_internal/_generate_schema.py:2249: UnsupportedFieldAttributeWarning: The 'repr' attribute with value False was provided to the `Field()` function, which has no effect in the context it was used. 'repr' is field-specific metadata, and can only be attached to a model field using `Annotated` metadata or by assignment. This may have happened because an `Annotated` type alias using the `type` statement was used, or if the `Field()` function was attached to a single member of a union type.
  warnings.warn(
/home/s185927/.conda/envs/vjepa2-312/lib/python3.12/site-packages/pydantic/_internal/_generate_schema.py:2249: UnsupportedFieldAttributeWarning: The 'frozen' attribute with value True was provided to the `Field()` function, which has no effect in the context it was used. 'frozen' is field-specific metadata, and can only be attached to a model field using `Annotated` metadata or by assignment. This may have happened because an `Annotated` type alias using the `type` statement was used, or if the `Field()` function was attached to a single member of a union type.
  warnings.warn(
/home/s185927/.conda/envs/vjepa2-312/lib/python3.12/site-packages/pydantic/_internal/_generate_schema.py:2249: UnsupportedFieldAttributeWarning: The 'repr' attribute with value False was provided to the `Field()` function, which has no effect in the context it was used. 'repr' is field-specific metadata, and can only be attached to a model field using `Annotated` metadata or by assignment. This may have happened because an `Annotated` type alias using the `type` statement was used, or if the `Field()` function was attached to a single member of a union type.
  warnings.warn(
/home/s185927/.conda/envs/vjepa2-312/lib/python3.12/site-packages/pydantic/_internal/_generate_schema.py:2249: UnsupportedFieldAttributeWarning: The 'frozen' attribute with value True was provided to the `Field()` function, which has no effect in the context it was used. 'frozen' is field-specific metadata, and can only be attached to a model field using `Annotated` metadata or by assignment. This may have happened because an `Annotated` type alias using the `type` statement was used, or if the `Field()` function was attached to a single member of a union type.
  warnings.warn(
[INFO    ][2025-11-19 20:50:00][app.vjepa_droid.train_with_early_stopping][main_with_early_stopping ] Validation: loss=0.7174 [jloss=0.3539, sloss=0.3635]
[INFO    ][2025-11-19 20:50:00][app.vjepa_droid.train_with_early_stopping][main_with_early_stopping ] ★ Validation improved: inf → 0.7174
[INFO    ][2025-11-19 20:50:03][app.vjepa_droid.train_with_early_stopping][save_checkpoint          ] ★ Saved best model with val_loss=0.7174
[INFO    ][2025-11-19 20:50:03][app.vjepa_droid.train_with_early_stopping][main_with_early_stopping ] Epoch 2
[INFO    ][2025-11-19 20:50:03][app.vjepa_droid.train_with_early_stopping][main_with_early_stopping ] Exhausted data loaders. Refreshing...
[INFO    ][2025-11-19 20:50:06][app.vjepa_droid.train_with_early_stopping][log_stats                ] [2,     0] loss: 0.519 [0.26, 0.26] [wd: 4.00e-02] [lr: 9.84e-05] [mem: 2.51e+04] [iter: 2405.5 ms] [gpu: 1563.4 ms] [data: 840.6 ms]
[INFO    ][2025-11-19 20:50:17][app.vjepa_droid.train_with_early_stopping][log_stats                ] [2,    10] loss: 0.522 [0.26, 0.26] [wd: 4.00e-02] [lr: 9.92e-05] [mem: 2.51e+04] [iter: 1273.0 ms] [gpu: 1195.4 ms] [data: 76.6 ms]
[INFO    ][2025-11-19 20:50:29][app.vjepa_droid.train_with_early_stopping][log_stats                ] [2,    20] loss: 0.529 [0.27, 0.26] [wd: 4.00e-02] [lr: 1.00e-04] [mem: 2.51e+04] [iter: 1217.6 ms] [gpu: 1176.4 ms] [data: 40.2 ms]
[INFO    ][2025-11-19 20:50:41][app.vjepa_droid.train_with_early_stopping][log_stats                ] [2,    30] loss: 0.528 [0.27, 0.26] [wd: 4.00e-02] [lr: 1.01e-04] [mem: 2.51e+04] [iter: 1199.9 ms] [gpu: 1171.7 ms] [data: 27.3 ms]
[INFO    ][2025-11-19 20:50:52][app.vjepa_droid.train_with_early_stopping][log_stats                ] [2,    40] loss: 0.527 [0.27, 0.26] [wd: 4.00e-02] [lr: 1.02e-04] [mem: 2.51e+04] [iter: 1188.7 ms] [gpu: 1167.0 ms] [data: 20.7 ms]
[INFO    ][2025-11-19 20:51:04][app.vjepa_droid.train_with_early_stopping][log_stats                ] [2,    50] loss: 0.526 [0.27, 0.26] [wd: 4.00e-02] [lr: 1.02e-04] [mem: 2.51e+04] [iter: 1179.7 ms] [gpu: 1162.1 ms] [data: 16.7 ms]
[INFO    ][2025-11-19 20:51:14][app.vjepa_droid.train_with_early_stopping][main_with_early_stopping ] Exhausted data loaders. Refreshing...
[INFO    ][2025-11-19 20:51:16][app.vjepa_droid.train_with_early_stopping][log_stats                ] [2,    60] loss: 0.523 [0.27, 0.26] [wd: 4.00e-02] [lr: 1.03e-04] [mem: 2.51e+04] [iter: 1196.6 ms] [gpu: 1169.2 ms] [data: 26.4 ms]
[INFO    ][2025-11-19 20:51:28][app.vjepa_droid.train_with_early_stopping][log_stats                ] [2,    70] loss: 0.521 [0.26, 0.26] [wd: 4.00e-02] [lr: 1.04e-04] [mem: 2.51e+04] [iter: 1191.3 ms] [gpu: 1167.6 ms] [data: 22.7 ms]
[INFO    ][2025-11-19 20:51:40][app.vjepa_droid.train_with_early_stopping][log_stats                ] [2,    80] loss: 0.520 [0.26, 0.26] [wd: 4.00e-02] [lr: 1.05e-04] [mem: 2.51e+04] [iter: 1187.3 ms] [gpu: 1166.4 ms] [data: 20.0 ms]
[INFO    ][2025-11-19 20:51:51][app.vjepa_droid.train_with_early_stopping][log_stats                ] [2,    90] loss: 0.519 [0.26, 0.26] [wd: 4.00e-02] [lr: 1.05e-04] [mem: 2.51e+04] [iter: 1184.7 ms] [gpu: 1165.9 ms] [data: 17.8 ms]
[INFO    ][2025-11-19 20:52:03][app.vjepa_droid.train_with_early_stopping][log_stats                ] [2,   100] loss: 0.516 [0.26, 0.25] [wd: 4.00e-02] [lr: 1.06e-04] [mem: 2.51e+04] [iter: 1180.4 ms] [gpu: 1163.4 ms] [data: 16.0 ms]
[INFO    ][2025-11-19 20:52:14][app.vjepa_droid.train_with_early_stopping][log_stats                ] [2,   110] loss: 0.514 [0.26, 0.25] [wd: 4.00e-02] [lr: 1.07e-04] [mem: 2.51e+04] [iter: 1177.6 ms] [gpu: 1162.1 ms] [data: 14.6 ms]
[INFO    ][2025-11-19 20:52:25][app.vjepa_droid.train_with_early_stopping][main_with_early_stopping ] Exhausted data loaders. Refreshing...
[INFO    ][2025-11-19 20:52:27][app.vjepa_droid.train_with_early_stopping][log_stats                ] [2,   120] loss: 0.512 [0.26, 0.25] [wd: 4.00e-02] [lr: 1.08e-04] [mem: 2.51e+04] [iter: 1185.3 ms] [gpu: 1163.4 ms] [data: 20.9 ms]
[INFO    ][2025-11-19 20:52:38][app.vjepa_droid.train_with_early_stopping][log_stats                ] [2,   130] loss: 0.510 [0.26, 0.25] [wd: 4.00e-02] [lr: 1.09e-04] [mem: 2.51e+04] [iter: 1182.7 ms] [gpu: 1162.4 ms] [data: 19.3 ms]
[INFO    ][2025-11-19 20:52:50][app.vjepa_droid.train_with_early_stopping][log_stats                ] [2,   140] loss: 0.509 [0.26, 0.25] [wd: 4.00e-02] [lr: 1.09e-04] [mem: 2.51e+04] [iter: 1179.8 ms] [gpu: 1160.9 ms] [data: 18.0 ms]
[INFO    ][2025-11-19 20:53:01][app.vjepa_droid.train_with_early_stopping][log_stats                ] [2,   150] loss: 0.508 [0.26, 0.25] [wd: 4.00e-02] [lr: 1.10e-04] [mem: 2.51e+04] [iter: 1178.3 ms] [gpu: 1160.5 ms] [data: 16.8 ms]
[INFO    ][2025-11-19 20:53:13][app.vjepa_droid.train_with_early_stopping][log_stats                ] [2,   160] loss: 0.507 [0.26, 0.25] [wd: 4.00e-02] [lr: 1.11e-04] [mem: 2.51e+04] [iter: 1176.5 ms] [gpu: 1159.8 ms] [data: 15.8 ms]
[INFO    ][2025-11-19 20:53:24][app.vjepa_droid.train_with_early_stopping][log_stats                ] [2,   170] loss: 0.505 [0.26, 0.25] [wd: 4.00e-02] [lr: 1.12e-04] [mem: 2.51e+04] [iter: 1175.1 ms] [gpu: 1159.3 ms] [data: 14.8 ms]
[INFO    ][2025-11-19 20:53:35][app.vjepa_droid.train_with_early_stopping][main_with_early_stopping ] Exhausted data loaders. Refreshing...
[INFO    ][2025-11-19 20:53:37][app.vjepa_droid.train_with_early_stopping][log_stats                ] [2,   180] loss: 0.503 [0.26, 0.25] [wd: 4.00e-02] [lr: 1.12e-04] [mem: 2.51e+04] [iter: 1179.4 ms] [gpu: 1160.2 ms] [data: 18.3 ms]
[INFO    ][2025-11-19 20:53:48][app.vjepa_droid.train_with_early_stopping][log_stats                ] [2,   190] loss: 0.502 [0.26, 0.25] [wd: 4.00e-02] [lr: 1.13e-04] [mem: 2.51e+04] [iter: 1177.5 ms] [gpu: 1159.2 ms] [data: 17.3 ms]
[INFO    ][2025-11-19 20:54:00][app.vjepa_droid.train_with_early_stopping][log_stats                ] [2,   200] loss: 0.501 [0.26, 0.25] [wd: 4.00e-02] [lr: 1.14e-04] [mem: 2.51e+04] [iter: 1176.6 ms] [gpu: 1159.2 ms] [data: 16.5 ms]
[INFO    ][2025-11-19 20:54:11][app.vjepa_droid.train_with_early_stopping][log_stats                ] [2,   210] loss: 0.500 [0.25, 0.24] [wd: 4.00e-02] [lr: 1.15e-04] [mem: 2.51e+04] [iter: 1175.7 ms] [gpu: 1159.1 ms] [data: 15.7 ms]
[INFO    ][2025-11-19 20:54:23][app.vjepa_droid.train_with_early_stopping][log_stats                ] [2,   220] loss: 0.498 [0.25, 0.24] [wd: 4.00e-02] [lr: 1.16e-04] [mem: 2.51e+04] [iter: 1174.8 ms] [gpu: 1158.9 ms] [data: 15.0 ms]
[INFO    ][2025-11-19 20:54:35][app.vjepa_droid.train_with_early_stopping][log_stats                ] [2,   230] loss: 0.497 [0.25, 0.24] [wd: 4.00e-02] [lr: 1.16e-04] [mem: 2.51e+04] [iter: 1174.3 ms] [gpu: 1159.0 ms] [data: 14.4 ms]
[INFO    ][2025-11-19 20:54:45][app.vjepa_droid.train_with_early_stopping][main_with_early_stopping ] Exhausted data loaders. Refreshing...
[INFO    ][2025-11-19 20:54:47][app.vjepa_droid.train_with_early_stopping][log_stats                ] [2,   240] loss: 0.496 [0.25, 0.24] [wd: 4.00e-02] [lr: 1.17e-04] [mem: 2.51e+04] [iter: 1177.5 ms] [gpu: 1159.2 ms] [data: 17.3 ms]
[INFO    ][2025-11-19 20:54:59][app.vjepa_droid.train_with_early_stopping][log_stats                ] [2,   250] loss: 0.494 [0.25, 0.24] [wd: 4.00e-02] [lr: 1.18e-04] [mem: 2.51e+04] [iter: 1176.6 ms] [gpu: 1159.1 ms] [data: 16.6 ms]
[INFO    ][2025-11-19 20:55:11][app.vjepa_droid.train_with_early_stopping][log_stats                ] [2,   260] loss: 0.493 [0.25, 0.24] [wd: 4.00e-02] [lr: 1.19e-04] [mem: 2.51e+04] [iter: 1176.6 ms] [gpu: 1159.6 ms] [data: 16.0 ms]
[INFO    ][2025-11-19 20:55:22][app.vjepa_droid.train_with_early_stopping][log_stats                ] [2,   270] loss: 0.492 [0.25, 0.24] [wd: 4.00e-02] [lr: 1.19e-04] [mem: 2.51e+04] [iter: 1175.7 ms] [gpu: 1159.4 ms] [data: 15.4 ms]
[INFO    ][2025-11-19 20:55:34][app.vjepa_droid.train_with_early_stopping][log_stats                ] [2,   280] loss: 0.491 [0.25, 0.24] [wd: 4.00e-02] [lr: 1.20e-04] [mem: 2.51e+04] [iter: 1175.0 ms] [gpu: 1159.1 ms] [data: 14.9 ms]
[INFO    ][2025-11-19 20:55:45][app.vjepa_droid.train_with_early_stopping][log_stats                ] [2,   290] loss: 0.489 [0.25, 0.24] [wd: 4.00e-02] [lr: 1.21e-04] [mem: 2.51e+04] [iter: 1173.8 ms] [gpu: 1158.5 ms] [data: 14.4 ms]
[INFO    ][2025-11-19 20:55:55][app.vjepa_droid.train_with_early_stopping][log_stats                ] [2,   299] loss: 0.489 [0.25, 0.24] [wd: 4.00e-02] [lr: 1.22e-04] [mem: 2.51e+04] [iter: 1173.4 ms] [gpu: 1158.6 ms] [data: 13.9 ms]
[INFO    ][2025-11-19 20:55:55][app.vjepa_droid.train_with_early_stopping][main_with_early_stopping ] avg. loss 0.489
[INFO    ][2025-11-19 20:55:59][app.vjepa_droid.train_with_early_stopping][main_with_early_stopping ] Running validation...
[INFO    ][2025-11-19 20:56:14][app.vjepa_droid.train_with_early_stopping][main_with_early_stopping ] Validation: loss=0.7260 [jloss=0.3564, sloss=0.3697]
[INFO    ][2025-11-19 20:56:14][app.vjepa_droid.train_with_early_stopping][main_with_early_stopping ] No improvement for 1 epochs (best: 0.7174)
[INFO    ][2025-11-19 20:56:14][app.vjepa_droid.train_with_early_stopping][main_with_early_stopping ] Epoch 3
[INFO    ][2025-11-19 20:56:14][app.vjepa_droid.train_with_early_stopping][main_with_early_stopping ] Exhausted data loaders. Refreshing...
[INFO    ][2025-11-19 20:56:16][app.vjepa_droid.train_with_early_stopping][log_stats                ] [3,     0] loss: 0.463 [0.24, 0.22] [wd: 4.00e-02] [lr: 1.22e-04] [mem: 2.51e+04] [iter: 2252.7 ms] [gpu: 1442.0 ms] [data: 809.8 ms]
[INFO    ][2025-11-19 20:56:27][app.vjepa_droid.train_with_early_stopping][log_stats                ] [3,    10] loss: 0.455 [0.23, 0.22] [wd: 4.00e-02] [lr: 1.23e-04] [mem: 2.51e+04] [iter: 1264.7 ms] [gpu: 1190.0 ms] [data: 73.8 ms]
[INFO    ][2025-11-19 20:56:39][app.vjepa_droid.train_with_early_stopping][log_stats                ] [3,    20] loss: 0.458 [0.24, 0.22] [wd: 4.00e-02] [lr: 1.23e-04] [mem: 2.51e+04] [iter: 1220.5 ms] [gpu: 1180.8 ms] [data: 38.8 ms]
[INFO    ][2025-11-19 20:56:51][app.vjepa_droid.train_with_early_stopping][log_stats                ] [3,    30] loss: 0.454 [0.23, 0.22] [wd: 4.00e-02] [lr: 1.24e-04] [mem: 2.51e+04] [iter: 1200.8 ms] [gpu: 1173.5 ms] [data: 26.3 ms]
[INFO    ][2025-11-19 20:57:02][app.vjepa_droid.train_with_early_stopping][log_stats                ] [3,    40] loss: 0.452 [0.23, 0.22] [wd: 4.00e-02] [lr: 1.25e-04] [mem: 2.51e+04] [iter: 1190.0 ms] [gpu: 1169.2 ms] [data: 19.9 ms]
[INFO    ][2025-11-19 20:57:14][app.vjepa_droid.train_with_early_stopping][log_stats                ] [3,    50] loss: 0.448 [0.23, 0.22] [wd: 4.00e-02] [lr: 1.26e-04] [mem: 2.51e+04] [iter: 1183.4 ms] [gpu: 1166.4 ms] [data: 16.0 ms]
[INFO    ][2025-11-19 20:57:24][app.vjepa_droid.train_with_early_stopping][main_with_early_stopping ] Exhausted data loaders. Refreshing...
[INFO    ][2025-11-19 20:57:27][app.vjepa_droid.train_with_early_stopping][log_stats                ] [3,    60] loss: 0.449 [0.23, 0.22] [wd: 4.00e-02] [lr: 1.26e-04] [mem: 2.51e+04] [iter: 1195.7 ms] [gpu: 1168.3 ms] [data: 26.5 ms]
[INFO    ][2025-11-19 20:57:38][app.vjepa_droid.train_with_early_stopping][log_stats                ] [3,    70] loss: 0.449 [0.23, 0.22] [wd: 4.00e-02] [lr: 1.27e-04] [mem: 2.51e+04] [iter: 1191.0 ms] [gpu: 1167.3 ms] [data: 22.8 ms]
[INFO    ][2025-11-19 20:57:50][app.vjepa_droid.train_with_early_stopping][log_stats                ] [3,    80] loss: 0.449 [0.23, 0.22] [wd: 4.00e-02] [lr: 1.28e-04] [mem: 2.51e+04] [iter: 1187.6 ms] [gpu: 1166.7 ms] [data: 20.0 ms]
[INFO    ][2025-11-19 20:58:01][app.vjepa_droid.train_with_early_stopping][log_stats                ] [3,    90] loss: 0.448 [0.23, 0.22] [wd: 4.00e-02] [lr: 1.29e-04] [mem: 2.51e+04] [iter: 1184.7 ms] [gpu: 1166.0 ms] [data: 17.8 ms]
[INFO    ][2025-11-19 20:58:13][app.vjepa_droid.train_with_early_stopping][log_stats                ] [3,   100] loss: 0.448 [0.23, 0.22] [wd: 4.00e-02] [lr: 1.30e-04] [mem: 2.51e+04] [iter: 1182.2 ms] [gpu: 1165.2 ms] [data: 16.1 ms]
[INFO    ][2025-11-19 20:58:25][app.vjepa_droid.train_with_early_stopping][log_stats                ] [3,   110] loss: 0.447 [0.23, 0.22] [wd: 4.00e-02] [lr: 1.30e-04] [mem: 2.51e+04] [iter: 1180.0 ms] [gpu: 1164.5 ms] [data: 14.6 ms]
[INFO    ][2025-11-19 20:58:35][app.vjepa_droid.train_with_early_stopping][main_with_early_stopping ] Exhausted data loaders. Refreshing...
[INFO    ][2025-11-19 20:58:37][app.vjepa_droid.train_with_early_stopping][log_stats                ] [3,   120] loss: 0.447 [0.23, 0.22] [wd: 4.00e-02] [lr: 1.31e-04] [mem: 2.51e+04] [iter: 1188.0 ms] [gpu: 1166.1 ms] [data: 21.0 ms]
[INFO    ][2025-11-19 20:58:49][app.vjepa_droid.train_with_early_stopping][log_stats                ] [3,   130] loss: 0.447 [0.23, 0.22] [wd: 4.00e-02] [lr: 1.32e-04] [mem: 2.51e+04] [iter: 1185.0 ms] [gpu: 1164.7 ms] [data: 19.4 ms]
[INFO    ][2025-11-19 20:59:01][app.vjepa_droid.train_with_early_stopping][log_stats                ] [3,   140] loss: 0.447 [0.23, 0.22] [wd: 4.00e-02] [lr: 1.33e-04] [mem: 2.51e+04] [iter: 1184.5 ms] [gpu: 1165.5 ms] [data: 18.0 ms]
[INFO    ][2025-11-19 20:59:12][app.vjepa_droid.train_with_early_stopping][log_stats                ] [3,   150] loss: 0.446 [0.23, 0.22] [wd: 4.00e-02] [lr: 1.33e-04] [mem: 2.51e+04] [iter: 1182.9 ms] [gpu: 1165.1 ms] [data: 16.8 ms]
[INFO    ][2025-11-19 20:59:24][app.vjepa_droid.train_with_early_stopping][log_stats                ] [3,   160] loss: 0.445 [0.23, 0.22] [wd: 4.00e-02] [lr: 1.34e-04] [mem: 2.51e+04] [iter: 1182.8 ms] [gpu: 1166.1 ms] [data: 15.8 ms]
[INFO    ][2025-11-19 20:59:37][app.vjepa_droid.train_with_early_stopping][log_stats                ] [3,   170] loss: 0.444 [0.23, 0.22] [wd: 4.00e-02] [lr: 1.35e-04] [mem: 2.51e+04] [iter: 1187.5 ms] [gpu: 1171.7 ms] [data: 14.9 ms]
[INFO    ][2025-11-19 20:59:48][app.vjepa_droid.train_with_early_stopping][main_with_early_stopping ] Exhausted data loaders. Refreshing...
[INFO    ][2025-11-19 20:59:51][app.vjepa_droid.train_with_early_stopping][log_stats                ] [3,   180] loss: 0.444 [0.23, 0.22] [wd: 4.00e-02] [lr: 1.36e-04] [mem: 2.51e+04] [iter: 1198.7 ms] [gpu: 1178.7 ms] [data: 19.1 ms]
[INFO    ][2025-11-19 21:00:03][app.vjepa_droid.train_with_early_stopping][log_stats                ] [3,   190] loss: 0.443 [0.23, 0.22] [wd: 4.00e-02] [lr: 1.37e-04] [mem: 2.51e+04] [iter: 1202.2 ms] [gpu: 1183.1 ms] [data: 18.2 ms]
[INFO    ][2025-11-19 21:00:16][app.vjepa_droid.train_with_early_stopping][log_stats                ] [3,   200] loss: 0.443 [0.23, 0.22] [wd: 4.00e-02] [lr: 1.37e-04] [mem: 2.51e+04] [iter: 1205.1 ms] [gpu: 1186.8 ms] [data: 17.3 ms]
[INFO    ][2025-11-19 21:00:28][app.vjepa_droid.train_with_early_stopping][log_stats                ] [3,   210] loss: 0.443 [0.23, 0.21] [wd: 4.00e-02] [lr: 1.38e-04] [mem: 2.51e+04] [iter: 1207.7 ms] [gpu: 1190.2 ms] [data: 16.6 ms]
[INFO    ][2025-11-19 21:00:41][app.vjepa_droid.train_with_early_stopping][log_stats                ] [3,   220] loss: 0.442 [0.23, 0.21] [wd: 4.00e-02] [lr: 1.39e-04] [mem: 2.51e+04] [iter: 1210.2 ms] [gpu: 1193.4 ms] [data: 15.8 ms]
[INFO    ][2025-11-19 21:00:54][app.vjepa_droid.train_with_early_stopping][log_stats                ] [3,   230] loss: 0.441 [0.23, 0.21] [wd: 4.00e-02] [lr: 1.40e-04] [mem: 2.51e+04] [iter: 1212.1 ms] [gpu: 1196.0 ms] [data: 15.2 ms]
[INFO    ][2025-11-19 21:01:05][app.vjepa_droid.train_with_early_stopping][main_with_early_stopping ] Exhausted data loaders. Refreshing...
[INFO    ][2025-11-19 21:01:07][app.vjepa_droid.train_with_early_stopping][log_stats                ] [3,   240] loss: 0.441 [0.23, 0.21] [wd: 4.00e-02] [lr: 1.40e-04] [mem: 2.51e+04] [iter: 1219.4 ms] [gpu: 1199.7 ms] [data: 18.8 ms]
[INFO    ][2025-11-19 21:01:20][app.vjepa_droid.train_with_early_stopping][log_stats                ] [3,   250] loss: 0.441 [0.23, 0.21] [wd: 4.00e-02] [lr: 1.41e-04] [mem: 2.51e+04] [iter: 1221.5 ms] [gpu: 1202.5 ms] [data: 18.1 ms]
[INFO    ][2025-11-19 21:01:33][app.vjepa_droid.train_with_early_stopping][log_stats                ] [3,   260] loss: 0.441 [0.23, 0.21] [wd: 4.00e-02] [lr: 1.42e-04] [mem: 2.51e+04] [iter: 1222.7 ms] [gpu: 1204.4 ms] [data: 17.4 ms]
[INFO    ][2025-11-19 21:01:45][app.vjepa_droid.train_with_early_stopping][log_stats                ] [3,   270] loss: 0.440 [0.23, 0.21] [wd: 4.00e-02] [lr: 1.43e-04] [mem: 2.51e+04] [iter: 1224.5 ms] [gpu: 1206.8 ms] [data: 16.8 ms]
[INFO    ][2025-11-19 21:01:58][app.vjepa_droid.train_with_early_stopping][log_stats                ] [3,   280] loss: 0.440 [0.23, 0.21] [wd: 4.00e-02] [lr: 1.44e-04] [mem: 2.51e+04] [iter: 1226.1 ms] [gpu: 1209.0 ms] [data: 16.2 ms]
[INFO    ][2025-11-19 21:02:11][app.vjepa_droid.train_with_early_stopping][log_stats                ] [3,   290] loss: 0.439 [0.23, 0.21] [wd: 4.00e-02] [lr: 1.44e-04] [mem: 2.51e+04] [iter: 1227.4 ms] [gpu: 1210.7 ms] [data: 15.7 ms]
[INFO    ][2025-11-19 21:02:22][app.vjepa_droid.train_with_early_stopping][log_stats                ] [3,   299] loss: 0.439 [0.23, 0.21] [wd: 4.00e-02] [lr: 1.45e-04] [mem: 2.51e+04] [iter: 1228.6 ms] [gpu: 1212.5 ms] [data: 15.2 ms]
[INFO    ][2025-11-19 21:02:22][app.vjepa_droid.train_with_early_stopping][main_with_early_stopping ] avg. loss 0.439
[INFO    ][2025-11-19 21:02:26][app.vjepa_droid.train_with_early_stopping][main_with_early_stopping ] Running validation...
[INFO    ][2025-11-19 21:02:43][app.vjepa_droid.train_with_early_stopping][main_with_early_stopping ] Validation: loss=0.7274 [jloss=0.3577, sloss=0.3697]
[INFO    ][2025-11-19 21:02:43][app.vjepa_droid.train_with_early_stopping][main_with_early_stopping ] No improvement for 2 epochs (best: 0.7174)
[INFO    ][2025-11-19 21:02:43][app.vjepa_droid.train_with_early_stopping][main_with_early_stopping ] Epoch 4
[INFO    ][2025-11-19 21:02:43][app.vjepa_droid.train_with_early_stopping][main_with_early_stopping ] Exhausted data loaders. Refreshing...
[INFO    ][2025-11-19 21:02:45][app.vjepa_droid.train_with_early_stopping][log_stats                ] [4,     0] loss: 0.427 [0.22, 0.21] [wd: 4.00e-02] [lr: 1.45e-04] [mem: 2.51e+04] [iter: 2704.1 ms] [gpu: 1753.0 ms] [data: 949.6 ms]
[INFO    ][2025-11-19 21:02:58][app.vjepa_droid.train_with_early_stopping][log_stats                ] [4,    10] loss: 0.422 [0.22, 0.20] [wd: 4.00e-02] [lr: 1.46e-04] [mem: 2.51e+04] [iter: 1389.8 ms] [gpu: 1301.8 ms] [data: 87.0 ms]
[INFO    ][2025-11-19 21:03:11][app.vjepa_droid.train_with_early_stopping][log_stats                ] [4,    20] loss: 0.424 [0.22, 0.21] [wd: 4.00e-02] [lr: 1.47e-04] [mem: 2.51e+04] [iter: 1333.6 ms] [gpu: 1286.7 ms] [data: 45.9 ms]
[INFO    ][2025-11-19 21:03:24][app.vjepa_droid.train_with_early_stopping][log_stats                ] [4,    30] loss: 0.426 [0.22, 0.21] [wd: 4.00e-02] [lr: 1.47e-04] [mem: 2.51e+04] [iter: 1319.1 ms] [gpu: 1286.7 ms] [data: 31.5 ms]
[INFO    ][2025-11-19 21:03:36][app.vjepa_droid.train_with_early_stopping][log_stats                ] [4,    40] loss: 0.428 [0.22, 0.21] [wd: 4.00e-02] [lr: 1.48e-04] [mem: 2.51e+04] [iter: 1308.8 ms] [gpu: 1283.9 ms] [data: 24.0 ms]
[INFO    ][2025-11-19 21:03:49][app.vjepa_droid.train_with_early_stopping][log_stats                ] [4,    50] loss: 0.427 [0.22, 0.21] [wd: 4.00e-02] [lr: 1.49e-04] [mem: 2.51e+04] [iter: 1302.3 ms] [gpu: 1282.0 ms] [data: 19.3 ms]
[INFO    ][2025-11-19 21:04:01][app.vjepa_droid.train_with_early_stopping][main_with_early_stopping ] Exhausted data loaders. Refreshing...
[INFO    ][2025-11-19 21:04:03][app.vjepa_droid.train_with_early_stopping][log_stats                ] [4,    60] loss: 0.426 [0.22, 0.21] [wd: 4.00e-02] [lr: 1.50e-04] [mem: 2.51e+04] [iter: 1318.6 ms] [gpu: 1286.0 ms] [data: 31.8 ms]
[INFO    ][2025-11-19 21:04:16][app.vjepa_droid.train_with_early_stopping][log_stats                ] [4,    70] loss: 0.425 [0.22, 0.21] [wd: 4.00e-02] [lr: 1.51e-04] [mem: 2.51e+04] [iter: 1313.2 ms] [gpu: 1284.9 ms] [data: 27.4 ms]
[INFO    ][2025-11-19 21:04:29][app.vjepa_droid.train_with_early_stopping][log_stats                ] [4,    80] loss: 0.426 [0.22, 0.21] [wd: 4.00e-02] [lr: 1.51e-04] [mem: 2.51e+04] [iter: 1307.8 ms] [gpu: 1282.9 ms] [data: 24.0 ms]
[INFO    ][2025-11-19 21:04:41][app.vjepa_droid.train_with_early_stopping][log_stats                ] [4,    90] loss: 0.426 [0.22, 0.21] [wd: 4.00e-02] [lr: 1.52e-04] [mem: 2.51e+04] [iter: 1302.4 ms] [gpu: 1280.1 ms] [data: 21.4 ms]
[INFO    ][2025-11-19 21:04:54][app.vjepa_droid.train_with_early_stopping][log_stats                ] [4,   100] loss: 0.425 [0.22, 0.21] [wd: 4.00e-02] [lr: 1.53e-04] [mem: 2.51e+04] [iter: 1298.7 ms] [gpu: 1278.4 ms] [data: 19.4 ms]
[INFO    ][2025-11-19 21:05:06][app.vjepa_droid.train_with_early_stopping][log_stats                ] [4,   110] loss: 0.424 [0.22, 0.21] [wd: 4.00e-02] [lr: 1.54e-04] [mem: 2.51e+04] [iter: 1294.3 ms] [gpu: 1275.7 ms] [data: 17.6 ms]
[INFO    ][2025-11-19 21:05:18][app.vjepa_droid.train_with_early_stopping][main_with_early_stopping ] Exhausted data loaders. Refreshing...
[INFO    ][2025-11-19 21:05:20][app.vjepa_droid.train_with_early_stopping][log_stats                ] [4,   120] loss: 0.424 [0.22, 0.21] [wd: 4.00e-02] [lr: 1.54e-04] [mem: 2.51e+04] [iter: 1302.0 ms] [gpu: 1276.3 ms] [data: 24.8 ms]
[INFO    ][2025-11-19 21:05:33][app.vjepa_droid.train_with_early_stopping][log_stats                ] [4,   130] loss: 0.424 [0.22, 0.21] [wd: 4.00e-02] [lr: 1.55e-04] [mem: 2.51e+04] [iter: 1299.5 ms] [gpu: 1275.5 ms] [data: 23.1 ms]
[INFO    ][2025-11-19 21:05:46][app.vjepa_droid.train_with_early_stopping][log_stats                ] [4,   140] loss: 0.424 [0.22, 0.21] [wd: 4.00e-02] [lr: 1.56e-04] [mem: 2.51e+04] [iter: 1298.1 ms] [gpu: 1275.7 ms] [data: 21.5 ms]
[INFO    ][2025-11-19 21:05:58][app.vjepa_droid.train_with_early_stopping][log_stats                ] [4,   150] loss: 0.423 [0.22, 0.21] [wd: 4.00e-02] [lr: 1.57e-04] [mem: 2.51e+04] [iter: 1295.0 ms] [gpu: 1274.0 ms] [data: 20.1 ms]
[INFO    ][2025-11-19 21:06:11][app.vjepa_droid.train_with_early_stopping][log_stats                ] [4,   160] loss: 0.423 [0.22, 0.21] [wd: 4.00e-02] [lr: 1.58e-04] [mem: 2.51e+04] [iter: 1294.2 ms] [gpu: 1274.4 ms] [data: 18.9 ms]
[INFO    ][2025-11-19 21:06:24][app.vjepa_droid.train_with_early_stopping][log_stats                ] [4,   170] loss: 0.423 [0.22, 0.21] [wd: 4.00e-02] [lr: 1.58e-04] [mem: 2.51e+04] [iter: 1292.5 ms] [gpu: 1273.8 ms] [data: 17.8 ms]
[INFO    ][2025-11-19 21:06:35][app.vjepa_droid.train_with_early_stopping][main_with_early_stopping ] Exhausted data loaders. Refreshing...
[INFO    ][2025-11-19 21:06:38][app.vjepa_droid.train_with_early_stopping][log_stats                ] [4,   180] loss: 0.422 [0.22, 0.21] [wd: 4.00e-02] [lr: 1.59e-04] [mem: 2.51e+04] [iter: 1297.9 ms] [gpu: 1275.8 ms] [data: 21.1 ms]
[INFO    ][2025-11-19 21:06:50][app.vjepa_droid.train_with_early_stopping][log_stats                ] [4,   190] loss: 0.422 [0.22, 0.21] [wd: 4.00e-02] [lr: 1.60e-04] [mem: 2.51e+04] [iter: 1296.9 ms] [gpu: 1275.9 ms] [data: 20.0 ms]
[INFO    ][2025-11-19 21:07:03][app.vjepa_droid.train_with_early_stopping][log_stats                ] [4,   200] loss: 0.422 [0.22, 0.21] [wd: 4.00e-02] [lr: 1.61e-04] [mem: 2.51e+04] [iter: 1294.7 ms] [gpu: 1274.7 ms] [data: 19.1 ms]
[INFO    ][2025-11-19 21:07:16][app.vjepa_droid.train_with_early_stopping][log_stats                ] [4,   210] loss: 0.422 [0.22, 0.21] [wd: 4.00e-02] [lr: 1.61e-04] [mem: 2.51e+04] [iter: 1294.6 ms] [gpu: 1275.4 ms] [data: 18.2 ms]
[INFO    ][2025-11-19 21:07:29][app.vjepa_droid.train_with_early_stopping][log_stats                ] [4,   220] loss: 0.421 [0.22, 0.21] [wd: 4.00e-02] [lr: 1.62e-04] [mem: 2.51e+04] [iter: 1292.9 ms] [gpu: 1274.6 ms] [data: 17.4 ms]
[INFO    ][2025-11-19 21:07:41][app.vjepa_droid.train_with_early_stopping][log_stats                ] [4,   230] loss: 0.421 [0.22, 0.20] [wd: 4.00e-02] [lr: 1.63e-04] [mem: 2.51e+04] [iter: 1291.6 ms] [gpu: 1274.0 ms] [data: 16.7 ms]
[INFO    ][2025-11-19 21:07:52][app.vjepa_droid.train_with_early_stopping][main_with_early_stopping ] Exhausted data loaders. Refreshing...
[INFO    ][2025-11-19 21:07:55][app.vjepa_droid.train_with_early_stopping][log_stats                ] [4,   240] loss: 0.420 [0.22, 0.20] [wd: 4.00e-02] [lr: 1.64e-04] [mem: 2.51e+04] [iter: 1295.4 ms] [gpu: 1274.4 ms] [data: 20.1 ms]
[INFO    ][2025-11-19 21:08:08][app.vjepa_droid.train_with_early_stopping][log_stats                ] [4,   250] loss: 0.420 [0.22, 0.20] [wd: 4.00e-02] [lr: 1.65e-04] [mem: 2.51e+04] [iter: 1293.6 ms] [gpu: 1273.4 ms] [data: 19.3 ms]
[INFO    ][2025-11-19 21:08:20][app.vjepa_droid.train_with_early_stopping][log_stats                ] [4,   260] loss: 0.420 [0.22, 0.20] [wd: 4.00e-02] [lr: 1.65e-04] [mem: 2.51e+04] [iter: 1292.4 ms] [gpu: 1272.9 ms] [data: 18.6 ms]
[INFO    ][2025-11-19 21:08:33][app.vjepa_droid.train_with_early_stopping][log_stats                ] [4,   270] loss: 0.420 [0.22, 0.20] [wd: 4.00e-02] [lr: 1.66e-04] [mem: 2.51e+04] [iter: 1291.1 ms] [gpu: 1272.2 ms] [data: 18.0 ms]
[INFO    ][2025-11-19 21:08:45][app.vjepa_droid.train_with_early_stopping][log_stats                ] [4,   280] loss: 0.419 [0.21, 0.20] [wd: 4.00e-02] [lr: 1.67e-04] [mem: 2.51e+04] [iter: 1290.3 ms] [gpu: 1272.0 ms] [data: 17.4 ms]
[INFO    ][2025-11-19 21:08:58][app.vjepa_droid.train_with_early_stopping][log_stats                ] [4,   290] loss: 0.419 [0.21, 0.20] [wd: 4.00e-02] [lr: 1.68e-04] [mem: 2.51e+04] [iter: 1289.0 ms] [gpu: 1271.3 ms] [data: 16.8 ms]
[INFO    ][2025-11-19 21:09:09][app.vjepa_droid.train_with_early_stopping][log_stats                ] [4,   299] loss: 0.418 [0.21, 0.20] [wd: 4.00e-02] [lr: 1.68e-04] [mem: 2.51e+04] [iter: 1288.0 ms] [gpu: 1270.8 ms] [data: 16.3 ms]
[INFO    ][2025-11-19 21:09:09][app.vjepa_droid.train_with_early_stopping][main_with_early_stopping ] avg. loss 0.418
[INFO    ][2025-11-19 21:09:13][app.vjepa_droid.train_with_early_stopping][main_with_early_stopping ] Running validation...
[INFO    ][2025-11-19 21:09:29][app.vjepa_droid.train_with_early_stopping][main_with_early_stopping ] Validation: loss=0.7301 [jloss=0.3595, sloss=0.3706]
[INFO    ][2025-11-19 21:09:29][app.vjepa_droid.train_with_early_stopping][main_with_early_stopping ] No improvement for 3 epochs (best: 0.7174)
[INFO    ][2025-11-19 21:09:29][app.vjepa_droid.train_with_early_stopping][main_with_early_stopping ] Early stopping triggered! No improvement for 3 epochs.
[INFO    ][2025-11-19 21:09:29][app.vjepa_droid.train_with_early_stopping][main_with_early_stopping ] Best validation loss: 0.7174 at epoch 1
[INFO    ][2025-11-19 21:09:29][app.vjepa_droid.train_with_early_stopping][main_with_early_stopping ] Best model saved to: /data/s185927/vjepa2/weights/droid/4.8.vitg16-256px-8f_075pct/best.pt
[INFO    ][2025-11-19 21:09:29][app.vjepa_droid.train_with_early_stopping][main_with_early_stopping ] Training complete!
[INFO    ][2025-11-19 21:09:29][app.vjepa_droid.train_with_early_stopping][main_with_early_stopping ] Stopped early at epoch 4
[INFO    ][2025-11-19 21:09:29][app.vjepa_droid.train_with_early_stopping][main_with_early_stopping ] Best validation loss: 0.7174
[INFO    ][2025-11-19 21:09:29][app.vjepa_droid.train_with_early_stopping][main_with_early_stopping ] Best model: /data/s185927/vjepa2/weights/droid/4.8.vitg16-256px-8f_075pct/best.pt
[INFO    ][2025-11-19 21:09:29][app.vjepa_droid.train_with_early_stopping][main_with_early_stopping ] Latest model: /data/s185927/vjepa2/weights/droid/4.8.vitg16-256px-8f_075pct/latest.pt
