/home/s185927/.conda/envs/vjepa2-312/lib/python3.12/site-packages/pydantic/_internal/_generate_schema.py:2249: UnsupportedFieldAttributeWarning: The 'repr' attribute with value False was provided to the `Field()` function, which has no effect in the context it was used. 'repr' is field-specific metadata, and can only be attached to a model field using `Annotated` metadata or by assignment. This may have happened because an `Annotated` type alias using the `type` statement was used, or if the `Field()` function was attached to a single member of a union type.
  warnings.warn(
/home/s185927/.conda/envs/vjepa2-312/lib/python3.12/site-packages/pydantic/_internal/_generate_schema.py:2249: UnsupportedFieldAttributeWarning: The 'frozen' attribute with value True was provided to the `Field()` function, which has no effect in the context it was used. 'frozen' is field-specific metadata, and can only be attached to a model field using `Annotated` metadata or by assignment. This may have happened because an `Annotated` type alias using the `type` statement was used, or if the `Field()` function was attached to a single member of a union type.
  warnings.warn(
Loading config: /home/s185927/thesis/vjepa2/configs/train/vitg16/ablation/droid-256px-8f_025pct.yaml

Early Stopping Configuration:
  Patience: 3 epochs
  Validation frequency: every 1 epoch(s)
  Min delta: 0.0001

Output folder: /data/s185927/vjepa2/weights/droid/4.8.vitg16-256px-8f_025pct

Starting training with early stopping...
[INFO    ][2025-11-19 19:48:36][app.vjepa_droid.train_with_early_stopping][main_with_early_stopping ] Early stopping enabled: patience=3, min_delta=0.0001, val_freq=1
[INFO    ][2025-11-19 19:48:36][app.vjepa_droid.train_with_early_stopping][main_with_early_stopping ] which_dtype='bfloat16'
[INFO    ][2025-11-19 19:48:36][root                ][init_distributed         ] SLURM vars not set (distributed training not available)
[INFO    ][2025-11-19 19:48:36][app.vjepa_droid.train_with_early_stopping][main_with_early_stopping ] Initialized (rank/world-size) 0/1
[INFO    ][2025-11-19 19:48:43][root                ][init_video_model         ] VisionTransformer(
  (patch_embed): PatchEmbed3D(
    (proj): Conv3d(3, 1408, kernel_size=(2, 16, 16), stride=(2, 16, 16))
  )
  (blocks): ModuleList(
    (0-39): 40 x Block(
      (norm1): LayerNorm((1408,), eps=1e-06, elementwise_affine=True)
      (attn): RoPEAttention(
        (qkv): Linear(in_features=1408, out_features=4224, bias=True)
        (attn_drop): Dropout(p=0.0, inplace=False)
        (proj): Linear(in_features=1408, out_features=1408, bias=True)
        (proj_drop): Dropout(p=0.0, inplace=False)
      )
      (drop_path): Identity()
      (norm2): LayerNorm((1408,), eps=1e-06, elementwise_affine=True)
      (mlp): MLP(
        (fc1): Linear(in_features=1408, out_features=6144, bias=True)
        (act): GELU(approximate='none')
        (fc2): Linear(in_features=6144, out_features=1408, bias=True)
        (drop): Dropout(p=0.0, inplace=False)
      )
    )
  )
  (norm): LayerNorm((1408,), eps=1e-06, elementwise_affine=True)
)
[INFO    ][2025-11-19 19:48:43][root                ][init_video_model         ] VisionTransformerPredictorAC(
  (predictor_embed): Linear(in_features=1408, out_features=1024, bias=True)
  (action_encoder): Linear(in_features=7, out_features=1024, bias=True)
  (state_encoder): Linear(in_features=7, out_features=1024, bias=True)
  (extrinsics_encoder): Linear(in_features=6, out_features=1024, bias=True)
  (predictor_blocks): ModuleList(
    (0-23): 24 x ACBlock(
      (norm1): LayerNorm((1024,), eps=1e-06, elementwise_affine=True)
      (attn): ACRoPEAttention(
        (qkv): Linear(in_features=1024, out_features=3072, bias=True)
        (attn_drop): Dropout(p=0.0, inplace=False)
        (proj): Linear(in_features=1024, out_features=1024, bias=True)
        (proj_drop): Dropout(p=0.0, inplace=False)
      )
      (drop_path): Identity()
      (norm2): LayerNorm((1024,), eps=1e-06, elementwise_affine=True)
      (mlp): MLP(
        (fc1): Linear(in_features=1024, out_features=4096, bias=True)
        (act): GELU(approximate='none')
        (fc2): Linear(in_features=4096, out_features=1024, bias=True)
        (drop): Dropout(p=0.0, inplace=False)
      )
    )
  )
  (predictor_norm): LayerNorm((1024,), eps=1e-06, elementwise_affine=True)
  (predictor_proj): Linear(in_features=1024, out_features=1408, bias=True)
)
[INFO    ][2025-11-19 19:48:43][root                ][init_video_model         ] Encoder number of parameters: 1012173952
[INFO    ][2025-11-19 19:48:43][root                ][init_video_model         ] Predictor number of parameters: 305220992
[INFO    ][2025-11-19 19:48:43][root                ][init_data                ] VideoDataset unsupervised data loader created
[INFO    ][2025-11-19 19:48:43][root                ][init_data                ] VideoDataset unsupervised data loader created
[INFO    ][2025-11-19 19:48:43][app.vjepa_droid.train_with_early_stopping][main_with_early_stopping ] Validation loader created with 20 batches
[INFO    ][2025-11-19 19:48:43][app.vjepa_droid.train_with_early_stopping][main_with_early_stopping ] iterations per epoch/dataset length: 300/20
[INFO    ][2025-11-19 19:48:43][app.vjepa_droid.train_with_early_stopping][main_with_early_stopping ] Single GPU mode - not using DistributedDataParallel
[INFO    ][2025-11-19 19:48:43][app.vjepa_droid.train_with_early_stopping][main_with_early_stopping ] Loading pretrained weights (single GPU mode) from /data/s185927/vjepa2/weights/vitg-384.pt
[INFO    ][2025-11-19 19:48:45][app.vjepa_droid.train_with_early_stopping][main_with_early_stopping ] Loaded pretrained encoder with msg: <All keys matched successfully>
[INFO    ][2025-11-19 19:48:45][app.vjepa_droid.train_with_early_stopping][main_with_early_stopping ] Loaded pretrained target encoder with msg: <All keys matched successfully>
[INFO    ][2025-11-19 19:48:45][app.vjepa_droid.train_with_early_stopping][main_with_early_stopping ] Initializing loader...
[INFO    ][2025-11-19 19:48:45][app.vjepa_droid.train_with_early_stopping][main_with_early_stopping ] Epoch 1
/home/s185927/.conda/envs/vjepa2-312/lib/python3.12/site-packages/pydantic/_internal/_generate_schema.py:2249: UnsupportedFieldAttributeWarning: The 'repr' attribute with value False was provided to the `Field()` function, which has no effect in the context it was used. 'repr' is field-specific metadata, and can only be attached to a model field using `Annotated` metadata or by assignment. This may have happened because an `Annotated` type alias using the `type` statement was used, or if the `Field()` function was attached to a single member of a union type.
  warnings.warn(
/home/s185927/.conda/envs/vjepa2-312/lib/python3.12/site-packages/pydantic/_internal/_generate_schema.py:2249: UnsupportedFieldAttributeWarning: The 'frozen' attribute with value True was provided to the `Field()` function, which has no effect in the context it was used. 'frozen' is field-specific metadata, and can only be attached to a model field using `Annotated` metadata or by assignment. This may have happened because an `Annotated` type alias using the `type` statement was used, or if the `Field()` function was attached to a single member of a union type.
  warnings.warn(
/home/s185927/.conda/envs/vjepa2-312/lib/python3.12/site-packages/pydantic/_internal/_generate_schema.py:2249: UnsupportedFieldAttributeWarning: The 'repr' attribute with value False was provided to the `Field()` function, which has no effect in the context it was used. 'repr' is field-specific metadata, and can only be attached to a model field using `Annotated` metadata or by assignment. This may have happened because an `Annotated` type alias using the `type` statement was used, or if the `Field()` function was attached to a single member of a union type.
  warnings.warn(
/home/s185927/.conda/envs/vjepa2-312/lib/python3.12/site-packages/pydantic/_internal/_generate_schema.py:2249: UnsupportedFieldAttributeWarning: The 'frozen' attribute with value True was provided to the `Field()` function, which has no effect in the context it was used. 'frozen' is field-specific metadata, and can only be attached to a model field using `Annotated` metadata or by assignment. This may have happened because an `Annotated` type alias using the `type` statement was used, or if the `Field()` function was attached to a single member of a union type.
  warnings.warn(
/home/s185927/.conda/envs/vjepa2-312/lib/python3.12/site-packages/pydantic/_internal/_generate_schema.py:2249: UnsupportedFieldAttributeWarning: The 'repr' attribute with value False was provided to the `Field()` function, which has no effect in the context it was used. 'repr' is field-specific metadata, and can only be attached to a model field using `Annotated` metadata or by assignment. This may have happened because an `Annotated` type alias using the `type` statement was used, or if the `Field()` function was attached to a single member of a union type.
  warnings.warn(
/home/s185927/.conda/envs/vjepa2-312/lib/python3.12/site-packages/pydantic/_internal/_generate_schema.py:2249: UnsupportedFieldAttributeWarning: The 'frozen' attribute with value True was provided to the `Field()` function, which has no effect in the context it was used. 'frozen' is field-specific metadata, and can only be attached to a model field using `Annotated` metadata or by assignment. This may have happened because an `Annotated` type alias using the `type` statement was used, or if the `Field()` function was attached to a single member of a union type.
  warnings.warn(
/home/s185927/.conda/envs/vjepa2-312/lib/python3.12/site-packages/pydantic/_internal/_generate_schema.py:2249: UnsupportedFieldAttributeWarning: The 'repr' attribute with value False was provided to the `Field()` function, which has no effect in the context it was used. 'repr' is field-specific metadata, and can only be attached to a model field using `Annotated` metadata or by assignment. This may have happened because an `Annotated` type alias using the `type` statement was used, or if the `Field()` function was attached to a single member of a union type.
  warnings.warn(
/home/s185927/.conda/envs/vjepa2-312/lib/python3.12/site-packages/pydantic/_internal/_generate_schema.py:2249: UnsupportedFieldAttributeWarning: The 'frozen' attribute with value True was provided to the `Field()` function, which has no effect in the context it was used. 'frozen' is field-specific metadata, and can only be attached to a model field using `Annotated` metadata or by assignment. This may have happened because an `Annotated` type alias using the `type` statement was used, or if the `Field()` function was attached to a single member of a union type.
  warnings.warn(
/home/s185927/.conda/envs/vjepa2-312/lib/python3.12/site-packages/pydantic/_internal/_generate_schema.py:2249: UnsupportedFieldAttributeWarning: The 'repr' attribute with value False was provided to the `Field()` function, which has no effect in the context it was used. 'repr' is field-specific metadata, and can only be attached to a model field using `Annotated` metadata or by assignment. This may have happened because an `Annotated` type alias using the `type` statement was used, or if the `Field()` function was attached to a single member of a union type.
  warnings.warn(
/home/s185927/.conda/envs/vjepa2-312/lib/python3.12/site-packages/pydantic/_internal/_generate_schema.py:2249: UnsupportedFieldAttributeWarning: The 'frozen' attribute with value True was provided to the `Field()` function, which has no effect in the context it was used. 'frozen' is field-specific metadata, and can only be attached to a model field using `Annotated` metadata or by assignment. This may have happened because an `Annotated` type alias using the `type` statement was used, or if the `Field()` function was attached to a single member of a union type.
  warnings.warn(
/home/s185927/.conda/envs/vjepa2-312/lib/python3.12/site-packages/pydantic/_internal/_generate_schema.py:2249: UnsupportedFieldAttributeWarning: The 'repr' attribute with value False was provided to the `Field()` function, which has no effect in the context it was used. 'repr' is field-specific metadata, and can only be attached to a model field using `Annotated` metadata or by assignment. This may have happened because an `Annotated` type alias using the `type` statement was used, or if the `Field()` function was attached to a single member of a union type.
  warnings.warn(
/home/s185927/.conda/envs/vjepa2-312/lib/python3.12/site-packages/pydantic/_internal/_generate_schema.py:2249: UnsupportedFieldAttributeWarning: The 'frozen' attribute with value True was provided to the `Field()` function, which has no effect in the context it was used. 'frozen' is field-specific metadata, and can only be attached to a model field using `Annotated` metadata or by assignment. This may have happened because an `Annotated` type alias using the `type` statement was used, or if the `Field()` function was attached to a single member of a union type.
  warnings.warn(
/home/s185927/.conda/envs/vjepa2-312/lib/python3.12/site-packages/pydantic/_internal/_generate_schema.py:2249: UnsupportedFieldAttributeWarning: The 'repr' attribute with value False was provided to the `Field()` function, which has no effect in the context it was used. 'repr' is field-specific metadata, and can only be attached to a model field using `Annotated` metadata or by assignment. This may have happened because an `Annotated` type alias using the `type` statement was used, or if the `Field()` function was attached to a single member of a union type.
  warnings.warn(
/home/s185927/.conda/envs/vjepa2-312/lib/python3.12/site-packages/pydantic/_internal/_generate_schema.py:2249: UnsupportedFieldAttributeWarning: The 'frozen' attribute with value True was provided to the `Field()` function, which has no effect in the context it was used. 'frozen' is field-specific metadata, and can only be attached to a model field using `Annotated` metadata or by assignment. This may have happened because an `Annotated` type alias using the `type` statement was used, or if the `Field()` function was attached to a single member of a union type.
  warnings.warn(
/home/s185927/.conda/envs/vjepa2-312/lib/python3.12/site-packages/pydantic/_internal/_generate_schema.py:2249: UnsupportedFieldAttributeWarning: The 'repr' attribute with value False was provided to the `Field()` function, which has no effect in the context it was used. 'repr' is field-specific metadata, and can only be attached to a model field using `Annotated` metadata or by assignment. This may have happened because an `Annotated` type alias using the `type` statement was used, or if the `Field()` function was attached to a single member of a union type.
  warnings.warn(
/home/s185927/.conda/envs/vjepa2-312/lib/python3.12/site-packages/pydantic/_internal/_generate_schema.py:2249: UnsupportedFieldAttributeWarning: The 'frozen' attribute with value True was provided to the `Field()` function, which has no effect in the context it was used. 'frozen' is field-specific metadata, and can only be attached to a model field using `Annotated` metadata or by assignment. This may have happened because an `Annotated` type alias using the `type` statement was used, or if the `Field()` function was attached to a single member of a union type.
  warnings.warn(
/home/s185927/.conda/envs/vjepa2-312/lib/python3.12/site-packages/pydantic/_internal/_generate_schema.py:2249: UnsupportedFieldAttributeWarning: The 'repr' attribute with value False was provided to the `Field()` function, which has no effect in the context it was used. 'repr' is field-specific metadata, and can only be attached to a model field using `Annotated` metadata or by assignment. This may have happened because an `Annotated` type alias using the `type` statement was used, or if the `Field()` function was attached to a single member of a union type.
  warnings.warn(
/home/s185927/.conda/envs/vjepa2-312/lib/python3.12/site-packages/pydantic/_internal/_generate_schema.py:2249: UnsupportedFieldAttributeWarning: The 'frozen' attribute with value True was provided to the `Field()` function, which has no effect in the context it was used. 'frozen' is field-specific metadata, and can only be attached to a model field using `Annotated` metadata or by assignment. This may have happened because an `Annotated` type alias using the `type` statement was used, or if the `Field()` function was attached to a single member of a union type.
  warnings.warn(
/home/s185927/.conda/envs/vjepa2-312/lib/python3.12/site-packages/pydantic/_internal/_generate_schema.py:2249: UnsupportedFieldAttributeWarning: The 'repr' attribute with value False was provided to the `Field()` function, which has no effect in the context it was used. 'repr' is field-specific metadata, and can only be attached to a model field using `Annotated` metadata or by assignment. This may have happened because an `Annotated` type alias using the `type` statement was used, or if the `Field()` function was attached to a single member of a union type.
  warnings.warn(
/home/s185927/.conda/envs/vjepa2-312/lib/python3.12/site-packages/pydantic/_internal/_generate_schema.py:2249: UnsupportedFieldAttributeWarning: The 'frozen' attribute with value True was provided to the `Field()` function, which has no effect in the context it was used. 'frozen' is field-specific metadata, and can only be attached to a model field using `Annotated` metadata or by assignment. This may have happened because an `Annotated` type alias using the `type` statement was used, or if the `Field()` function was attached to a single member of a union type.
  warnings.warn(
/home/s185927/.conda/envs/vjepa2-312/lib/python3.12/site-packages/pydantic/_internal/_generate_schema.py:2249: UnsupportedFieldAttributeWarning: The 'repr' attribute with value False was provided to the `Field()` function, which has no effect in the context it was used. 'repr' is field-specific metadata, and can only be attached to a model field using `Annotated` metadata or by assignment. This may have happened because an `Annotated` type alias using the `type` statement was used, or if the `Field()` function was attached to a single member of a union type.
  warnings.warn(
/home/s185927/.conda/envs/vjepa2-312/lib/python3.12/site-packages/pydantic/_internal/_generate_schema.py:2249: UnsupportedFieldAttributeWarning: The 'frozen' attribute with value True was provided to the `Field()` function, which has no effect in the context it was used. 'frozen' is field-specific metadata, and can only be attached to a model field using `Annotated` metadata or by assignment. This may have happened because an `Annotated` type alias using the `type` statement was used, or if the `Field()` function was attached to a single member of a union type.
  warnings.warn(
/home/s185927/.conda/envs/vjepa2-312/lib/python3.12/site-packages/pydantic/_internal/_generate_schema.py:2249: UnsupportedFieldAttributeWarning: The 'repr' attribute with value False was provided to the `Field()` function, which has no effect in the context it was used. 'repr' is field-specific metadata, and can only be attached to a model field using `Annotated` metadata or by assignment. This may have happened because an `Annotated` type alias using the `type` statement was used, or if the `Field()` function was attached to a single member of a union type.
  warnings.warn(
/home/s185927/.conda/envs/vjepa2-312/lib/python3.12/site-packages/pydantic/_internal/_generate_schema.py:2249: UnsupportedFieldAttributeWarning: The 'frozen' attribute with value True was provided to the `Field()` function, which has no effect in the context it was used. 'frozen' is field-specific metadata, and can only be attached to a model field using `Annotated` metadata or by assignment. This may have happened because an `Annotated` type alias using the `type` statement was used, or if the `Field()` function was attached to a single member of a union type.
  warnings.warn(
[INFO    ][2025-11-19 19:48:51][app.vjepa_droid.train_with_early_stopping][log_stats                ] [1,     0] loss: 2.052 [1.03, 1.03] [wd: 4.00e-02] [lr: 7.51e-05] [mem: 2.51e+04] [iter: 5318.5 ms] [gpu: 1582.4 ms] [data: 3735.9 ms]
[INFO    ][2025-11-19 19:49:02][app.vjepa_droid.train_with_early_stopping][log_stats                ] [1,    10] loss: 1.473 [0.74, 0.74] [wd: 4.00e-02] [lr: 7.59e-05] [mem: 2.51e+04] [iter: 1509.9 ms] [gpu: 1169.3 ms] [data: 339.7 ms]
[INFO    ][2025-11-19 19:49:12][app.vjepa_droid.train_with_early_stopping][main_with_early_stopping ] Exhausted data loaders. Refreshing...
[INFO    ][2025-11-19 19:49:14][app.vjepa_droid.train_with_early_stopping][log_stats                ] [1,    20] loss: 1.310 [0.65, 0.66] [wd: 4.00e-02] [lr: 7.66e-05] [mem: 2.51e+04] [iter: 1379.2 ms] [gpu: 1163.2 ms] [data: 215.0 ms]
[INFO    ][2025-11-19 19:49:26][app.vjepa_droid.train_with_early_stopping][log_stats                ] [1,    30] loss: 1.224 [0.61, 0.61] [wd: 4.00e-02] [lr: 7.74e-05] [mem: 2.51e+04] [iter: 1303.0 ms] [gpu: 1156.4 ms] [data: 145.7 ms]
[INFO    ][2025-11-19 19:49:36][app.vjepa_droid.train_with_early_stopping][main_with_early_stopping ] Exhausted data loaders. Refreshing...
[INFO    ][2025-11-19 19:49:38][app.vjepa_droid.train_with_early_stopping][log_stats                ] [1,    40] loss: 1.168 [0.58, 0.59] [wd: 4.00e-02] [lr: 7.82e-05] [mem: 2.51e+04] [iter: 1290.3 ms] [gpu: 1158.3 ms] [data: 131.1 ms]
[INFO    ][2025-11-19 19:49:50][app.vjepa_droid.train_with_early_stopping][log_stats                ] [1,    50] loss: 1.126 [0.56, 0.57] [wd: 4.00e-02] [lr: 7.90e-05] [mem: 2.51e+04] [iter: 1262.2 ms] [gpu: 1155.9 ms] [data: 105.4 ms]
[INFO    ][2025-11-19 19:50:00][app.vjepa_droid.train_with_early_stopping][main_with_early_stopping ] Exhausted data loaders. Refreshing...
[INFO    ][2025-11-19 19:50:02][app.vjepa_droid.train_with_early_stopping][log_stats                ] [1,    60] loss: 1.092 [0.54, 0.55] [wd: 4.00e-02] [lr: 7.97e-05] [mem: 2.51e+04] [iter: 1258.9 ms] [gpu: 1155.0 ms] [data: 103.0 ms]
[INFO    ][2025-11-19 19:50:14][app.vjepa_droid.train_with_early_stopping][log_stats                ] [1,    70] loss: 1.061 [0.53, 0.53] [wd: 4.00e-02] [lr: 8.05e-05] [mem: 2.51e+04] [iter: 1241.9 ms] [gpu: 1152.4 ms] [data: 88.5 ms]
[INFO    ][2025-11-19 19:50:24][app.vjepa_droid.train_with_early_stopping][main_with_early_stopping ] Exhausted data loaders. Refreshing...
[INFO    ][2025-11-19 19:50:26][app.vjepa_droid.train_with_early_stopping][log_stats                ] [1,    80] loss: 1.032 [0.51, 0.52] [wd: 4.00e-02] [lr: 8.13e-05] [mem: 2.51e+04] [iter: 1241.7 ms] [gpu: 1151.2 ms] [data: 89.6 ms]
[INFO    ][2025-11-19 19:50:37][app.vjepa_droid.train_with_early_stopping][log_stats                ] [1,    90] loss: 1.007 [0.50, 0.51] [wd: 4.00e-02] [lr: 8.21e-05] [mem: 2.51e+04] [iter: 1230.2 ms] [gpu: 1149.5 ms] [data: 79.7 ms]
[INFO    ][2025-11-19 19:50:47][app.vjepa_droid.train_with_early_stopping][main_with_early_stopping ] Exhausted data loaders. Refreshing...
[INFO    ][2025-11-19 19:50:49][app.vjepa_droid.train_with_early_stopping][log_stats                ] [1,   100] loss: 0.983 [0.49, 0.49] [wd: 4.00e-02] [lr: 8.29e-05] [mem: 2.51e+04] [iter: 1228.7 ms] [gpu: 1148.0 ms] [data: 79.7 ms]
[INFO    ][2025-11-19 19:51:01][app.vjepa_droid.train_with_early_stopping][log_stats                ] [1,   110] loss: 0.960 [0.48, 0.48] [wd: 4.00e-02] [lr: 8.36e-05] [mem: 2.51e+04] [iter: 1220.3 ms] [gpu: 1146.8 ms] [data: 72.6 ms]
[INFO    ][2025-11-19 19:51:11][app.vjepa_droid.train_with_early_stopping][main_with_early_stopping ] Exhausted data loaders. Refreshing...
[INFO    ][2025-11-19 19:51:13][app.vjepa_droid.train_with_early_stopping][log_stats                ] [1,   120] loss: 0.940 [0.47, 0.47] [wd: 4.00e-02] [lr: 8.44e-05] [mem: 2.51e+04] [iter: 1220.9 ms] [gpu: 1146.5 ms] [data: 73.5 ms]
[INFO    ][2025-11-19 19:51:25][app.vjepa_droid.train_with_early_stopping][log_stats                ] [1,   130] loss: 0.921 [0.46, 0.46] [wd: 4.00e-02] [lr: 8.52e-05] [mem: 2.51e+04] [iter: 1214.6 ms] [gpu: 1145.8 ms] [data: 67.9 ms]
[INFO    ][2025-11-19 19:51:35][app.vjepa_droid.train_with_early_stopping][main_with_early_stopping ] Exhausted data loaders. Refreshing...
[INFO    ][2025-11-19 19:51:37][app.vjepa_droid.train_with_early_stopping][log_stats                ] [1,   140] loss: 0.903 [0.45, 0.45] [wd: 4.00e-02] [lr: 8.60e-05] [mem: 2.51e+04] [iter: 1214.7 ms] [gpu: 1145.8 ms] [data: 68.0 ms]
[INFO    ][2025-11-19 19:51:48][app.vjepa_droid.train_with_early_stopping][log_stats                ] [1,   150] loss: 0.887 [0.44, 0.45] [wd: 4.00e-02] [lr: 8.67e-05] [mem: 2.51e+04] [iter: 1208.9 ms] [gpu: 1144.5 ms] [data: 63.5 ms]
[INFO    ][2025-11-19 19:51:58][app.vjepa_droid.train_with_early_stopping][main_with_early_stopping ] Exhausted data loaders. Refreshing...
[INFO    ][2025-11-19 19:52:00][app.vjepa_droid.train_with_early_stopping][log_stats                ] [1,   160] loss: 0.872 [0.43, 0.44] [wd: 4.00e-02] [lr: 8.75e-05] [mem: 2.51e+04] [iter: 1210.8 ms] [gpu: 1144.6 ms] [data: 65.3 ms]
[INFO    ][2025-11-19 19:52:12][app.vjepa_droid.train_with_early_stopping][log_stats                ] [1,   170] loss: 0.858 [0.43, 0.43] [wd: 4.00e-02] [lr: 8.83e-05] [mem: 2.51e+04] [iter: 1206.6 ms] [gpu: 1144.2 ms] [data: 61.5 ms]
[INFO    ][2025-11-19 19:52:22][app.vjepa_droid.train_with_early_stopping][main_with_early_stopping ] Exhausted data loaders. Refreshing...
[INFO    ][2025-11-19 19:52:24][app.vjepa_droid.train_with_early_stopping][log_stats                ] [1,   180] loss: 0.845 [0.42, 0.42] [wd: 4.00e-02] [lr: 8.91e-05] [mem: 2.51e+04] [iter: 1208.3 ms] [gpu: 1144.3 ms] [data: 63.0 ms]
[INFO    ][2025-11-19 19:52:36][app.vjepa_droid.train_with_early_stopping][log_stats                ] [1,   190] loss: 0.833 [0.42, 0.42] [wd: 4.00e-02] [lr: 8.99e-05] [mem: 2.51e+04] [iter: 1204.7 ms] [gpu: 1144.0 ms] [data: 59.7 ms]
[INFO    ][2025-11-19 19:52:46][app.vjepa_droid.train_with_early_stopping][main_with_early_stopping ] Exhausted data loaders. Refreshing...
[INFO    ][2025-11-19 19:52:48][app.vjepa_droid.train_with_early_stopping][log_stats                ] [1,   200] loss: 0.821 [0.41, 0.41] [wd: 4.00e-02] [lr: 9.06e-05] [mem: 2.51e+04] [iter: 1205.8 ms] [gpu: 1143.6 ms] [data: 61.3 ms]
[INFO    ][2025-11-19 19:52:59][app.vjepa_droid.train_with_early_stopping][log_stats                ] [1,   210] loss: 0.810 [0.40, 0.41] [wd: 4.00e-02] [lr: 9.14e-05] [mem: 2.51e+04] [iter: 1202.7 ms] [gpu: 1143.4 ms] [data: 58.4 ms]
[INFO    ][2025-11-19 19:53:09][app.vjepa_droid.train_with_early_stopping][main_with_early_stopping ] Exhausted data loaders. Refreshing...
[INFO    ][2025-11-19 19:53:12][app.vjepa_droid.train_with_early_stopping][log_stats                ] [1,   220] loss: 0.800 [0.40, 0.40] [wd: 4.00e-02] [lr: 9.22e-05] [mem: 2.51e+04] [iter: 1204.1 ms] [gpu: 1143.4 ms] [data: 59.8 ms]
[INFO    ][2025-11-19 19:53:23][app.vjepa_droid.train_with_early_stopping][log_stats                ] [1,   230] loss: 0.790 [0.39, 0.40] [wd: 4.00e-02] [lr: 9.30e-05] [mem: 2.51e+04] [iter: 1201.3 ms] [gpu: 1143.2 ms] [data: 57.2 ms]
[INFO    ][2025-11-19 19:53:33][app.vjepa_droid.train_with_early_stopping][main_with_early_stopping ] Exhausted data loaders. Refreshing...
[INFO    ][2025-11-19 19:53:35][app.vjepa_droid.train_with_early_stopping][log_stats                ] [1,   240] loss: 0.781 [0.39, 0.39] [wd: 4.00e-02] [lr: 9.37e-05] [mem: 2.51e+04] [iter: 1202.9 ms] [gpu: 1143.3 ms] [data: 58.6 ms]
[INFO    ][2025-11-19 19:53:47][app.vjepa_droid.train_with_early_stopping][log_stats                ] [1,   250] loss: 0.772 [0.39, 0.39] [wd: 4.00e-02] [lr: 9.45e-05] [mem: 2.51e+04] [iter: 1199.7 ms] [gpu: 1142.5 ms] [data: 56.3 ms]
[INFO    ][2025-11-19 19:53:57][app.vjepa_droid.train_with_early_stopping][main_with_early_stopping ] Exhausted data loaders. Refreshing...
[INFO    ][2025-11-19 19:53:59][app.vjepa_droid.train_with_early_stopping][log_stats                ] [1,   260] loss: 0.764 [0.38, 0.38] [wd: 4.00e-02] [lr: 9.53e-05] [mem: 2.51e+04] [iter: 1201.1 ms] [gpu: 1142.6 ms] [data: 57.6 ms]
[INFO    ][2025-11-19 19:54:10][app.vjepa_droid.train_with_early_stopping][log_stats                ] [1,   270] loss: 0.756 [0.38, 0.38] [wd: 4.00e-02] [lr: 9.61e-05] [mem: 2.51e+04] [iter: 1198.7 ms] [gpu: 1142.3 ms] [data: 55.5 ms]
[INFO    ][2025-11-19 19:54:20][app.vjepa_droid.train_with_early_stopping][main_with_early_stopping ] Exhausted data loaders. Refreshing...
[INFO    ][2025-11-19 19:54:23][app.vjepa_droid.train_with_early_stopping][log_stats                ] [1,   280] loss: 0.749 [0.37, 0.37] [wd: 4.00e-02] [lr: 9.69e-05] [mem: 2.51e+04] [iter: 1199.9 ms] [gpu: 1142.2 ms] [data: 56.7 ms]
[INFO    ][2025-11-19 19:54:34][app.vjepa_droid.train_with_early_stopping][log_stats                ] [1,   290] loss: 0.742 [0.37, 0.37] [wd: 4.00e-02] [lr: 9.76e-05] [mem: 2.51e+04] [iter: 1197.3 ms] [gpu: 1141.6 ms] [data: 54.8 ms]
[INFO    ][2025-11-19 19:54:44][app.vjepa_droid.train_with_early_stopping][log_stats                ] [1,   299] loss: 0.736 [0.37, 0.37] [wd: 4.00e-02] [lr: 9.83e-05] [mem: 2.51e+04] [iter: 1195.4 ms] [gpu: 1141.4 ms] [data: 53.1 ms]
[INFO    ][2025-11-19 19:54:44][app.vjepa_droid.train_with_early_stopping][main_with_early_stopping ] avg. loss 0.736
[INFO    ][2025-11-19 19:54:50][app.vjepa_droid.train_with_early_stopping][main_with_early_stopping ] Running validation...
/home/s185927/.conda/envs/vjepa2-312/lib/python3.12/site-packages/pydantic/_internal/_generate_schema.py:2249: UnsupportedFieldAttributeWarning: The 'repr' attribute with value False was provided to the `Field()` function, which has no effect in the context it was used. 'repr' is field-specific metadata, and can only be attached to a model field using `Annotated` metadata or by assignment. This may have happened because an `Annotated` type alias using the `type` statement was used, or if the `Field()` function was attached to a single member of a union type.
  warnings.warn(
/home/s185927/.conda/envs/vjepa2-312/lib/python3.12/site-packages/pydantic/_internal/_generate_schema.py:2249: UnsupportedFieldAttributeWarning: The 'frozen' attribute with value True was provided to the `Field()` function, which has no effect in the context it was used. 'frozen' is field-specific metadata, and can only be attached to a model field using `Annotated` metadata or by assignment. This may have happened because an `Annotated` type alias using the `type` statement was used, or if the `Field()` function was attached to a single member of a union type.
  warnings.warn(
/home/s185927/.conda/envs/vjepa2-312/lib/python3.12/site-packages/pydantic/_internal/_generate_schema.py:2249: UnsupportedFieldAttributeWarning: The 'repr' attribute with value False was provided to the `Field()` function, which has no effect in the context it was used. 'repr' is field-specific metadata, and can only be attached to a model field using `Annotated` metadata or by assignment. This may have happened because an `Annotated` type alias using the `type` statement was used, or if the `Field()` function was attached to a single member of a union type.
  warnings.warn(
/home/s185927/.conda/envs/vjepa2-312/lib/python3.12/site-packages/pydantic/_internal/_generate_schema.py:2249: UnsupportedFieldAttributeWarning: The 'frozen' attribute with value True was provided to the `Field()` function, which has no effect in the context it was used. 'frozen' is field-specific metadata, and can only be attached to a model field using `Annotated` metadata or by assignment. This may have happened because an `Annotated` type alias using the `type` statement was used, or if the `Field()` function was attached to a single member of a union type.
  warnings.warn(
/home/s185927/.conda/envs/vjepa2-312/lib/python3.12/site-packages/pydantic/_internal/_generate_schema.py:2249: UnsupportedFieldAttributeWarning: The 'repr' attribute with value False was provided to the `Field()` function, which has no effect in the context it was used. 'repr' is field-specific metadata, and can only be attached to a model field using `Annotated` metadata or by assignment. This may have happened because an `Annotated` type alias using the `type` statement was used, or if the `Field()` function was attached to a single member of a union type.
  warnings.warn(
/home/s185927/.conda/envs/vjepa2-312/lib/python3.12/site-packages/pydantic/_internal/_generate_schema.py:2249: UnsupportedFieldAttributeWarning: The 'frozen' attribute with value True was provided to the `Field()` function, which has no effect in the context it was used. 'frozen' is field-specific metadata, and can only be attached to a model field using `Annotated` metadata or by assignment. This may have happened because an `Annotated` type alias using the `type` statement was used, or if the `Field()` function was attached to a single member of a union type.
  warnings.warn(
/home/s185927/.conda/envs/vjepa2-312/lib/python3.12/site-packages/pydantic/_internal/_generate_schema.py:2249: UnsupportedFieldAttributeWarning: The 'repr' attribute with value False was provided to the `Field()` function, which has no effect in the context it was used. 'repr' is field-specific metadata, and can only be attached to a model field using `Annotated` metadata or by assignment. This may have happened because an `Annotated` type alias using the `type` statement was used, or if the `Field()` function was attached to a single member of a union type.
  warnings.warn(
/home/s185927/.conda/envs/vjepa2-312/lib/python3.12/site-packages/pydantic/_internal/_generate_schema.py:2249: UnsupportedFieldAttributeWarning: The 'frozen' attribute with value True was provided to the `Field()` function, which has no effect in the context it was used. 'frozen' is field-specific metadata, and can only be attached to a model field using `Annotated` metadata or by assignment. This may have happened because an `Annotated` type alias using the `type` statement was used, or if the `Field()` function was attached to a single member of a union type.
  warnings.warn(
/home/s185927/.conda/envs/vjepa2-312/lib/python3.12/site-packages/pydantic/_internal/_generate_schema.py:2249: UnsupportedFieldAttributeWarning: The 'repr' attribute with value False was provided to the `Field()` function, which has no effect in the context it was used. 'repr' is field-specific metadata, and can only be attached to a model field using `Annotated` metadata or by assignment. This may have happened because an `Annotated` type alias using the `type` statement was used, or if the `Field()` function was attached to a single member of a union type.
  warnings.warn(
/home/s185927/.conda/envs/vjepa2-312/lib/python3.12/site-packages/pydantic/_internal/_generate_schema.py:2249: UnsupportedFieldAttributeWarning: The 'frozen' attribute with value True was provided to the `Field()` function, which has no effect in the context it was used. 'frozen' is field-specific metadata, and can only be attached to a model field using `Annotated` metadata or by assignment. This may have happened because an `Annotated` type alias using the `type` statement was used, or if the `Field()` function was attached to a single member of a union type.
  warnings.warn(
/home/s185927/.conda/envs/vjepa2-312/lib/python3.12/site-packages/pydantic/_internal/_generate_schema.py:2249: UnsupportedFieldAttributeWarning: The 'repr' attribute with value False was provided to the `Field()` function, which has no effect in the context it was used. 'repr' is field-specific metadata, and can only be attached to a model field using `Annotated` metadata or by assignment. This may have happened because an `Annotated` type alias using the `type` statement was used, or if the `Field()` function was attached to a single member of a union type.
  warnings.warn(
/home/s185927/.conda/envs/vjepa2-312/lib/python3.12/site-packages/pydantic/_internal/_generate_schema.py:2249: UnsupportedFieldAttributeWarning: The 'frozen' attribute with value True was provided to the `Field()` function, which has no effect in the context it was used. 'frozen' is field-specific metadata, and can only be attached to a model field using `Annotated` metadata or by assignment. This may have happened because an `Annotated` type alias using the `type` statement was used, or if the `Field()` function was attached to a single member of a union type.
  warnings.warn(
/home/s185927/.conda/envs/vjepa2-312/lib/python3.12/site-packages/pydantic/_internal/_generate_schema.py:2249: UnsupportedFieldAttributeWarning: The 'repr' attribute with value False was provided to the `Field()` function, which has no effect in the context it was used. 'repr' is field-specific metadata, and can only be attached to a model field using `Annotated` metadata or by assignment. This may have happened because an `Annotated` type alias using the `type` statement was used, or if the `Field()` function was attached to a single member of a union type.
  warnings.warn(
/home/s185927/.conda/envs/vjepa2-312/lib/python3.12/site-packages/pydantic/_internal/_generate_schema.py:2249: UnsupportedFieldAttributeWarning: The 'frozen' attribute with value True was provided to the `Field()` function, which has no effect in the context it was used. 'frozen' is field-specific metadata, and can only be attached to a model field using `Annotated` metadata or by assignment. This may have happened because an `Annotated` type alias using the `type` statement was used, or if the `Field()` function was attached to a single member of a union type.
  warnings.warn(
/home/s185927/.conda/envs/vjepa2-312/lib/python3.12/site-packages/pydantic/_internal/_generate_schema.py:2249: UnsupportedFieldAttributeWarning: The 'repr' attribute with value False was provided to the `Field()` function, which has no effect in the context it was used. 'repr' is field-specific metadata, and can only be attached to a model field using `Annotated` metadata or by assignment. This may have happened because an `Annotated` type alias using the `type` statement was used, or if the `Field()` function was attached to a single member of a union type.
  warnings.warn(
/home/s185927/.conda/envs/vjepa2-312/lib/python3.12/site-packages/pydantic/_internal/_generate_schema.py:2249: UnsupportedFieldAttributeWarning: The 'frozen' attribute with value True was provided to the `Field()` function, which has no effect in the context it was used. 'frozen' is field-specific metadata, and can only be attached to a model field using `Annotated` metadata or by assignment. This may have happened because an `Annotated` type alias using the `type` statement was used, or if the `Field()` function was attached to a single member of a union type.
  warnings.warn(
/home/s185927/.conda/envs/vjepa2-312/lib/python3.12/site-packages/pydantic/_internal/_generate_schema.py:2249: UnsupportedFieldAttributeWarning: The 'repr' attribute with value False was provided to the `Field()` function, which has no effect in the context it was used. 'repr' is field-specific metadata, and can only be attached to a model field using `Annotated` metadata or by assignment. This may have happened because an `Annotated` type alias using the `type` statement was used, or if the `Field()` function was attached to a single member of a union type.
  warnings.warn(
/home/s185927/.conda/envs/vjepa2-312/lib/python3.12/site-packages/pydantic/_internal/_generate_schema.py:2249: UnsupportedFieldAttributeWarning: The 'frozen' attribute with value True was provided to the `Field()` function, which has no effect in the context it was used. 'frozen' is field-specific metadata, and can only be attached to a model field using `Annotated` metadata or by assignment. This may have happened because an `Annotated` type alias using the `type` statement was used, or if the `Field()` function was attached to a single member of a union type.
  warnings.warn(
/home/s185927/.conda/envs/vjepa2-312/lib/python3.12/site-packages/pydantic/_internal/_generate_schema.py:2249: UnsupportedFieldAttributeWarning: The 'repr' attribute with value False was provided to the `Field()` function, which has no effect in the context it was used. 'repr' is field-specific metadata, and can only be attached to a model field using `Annotated` metadata or by assignment. This may have happened because an `Annotated` type alias using the `type` statement was used, or if the `Field()` function was attached to a single member of a union type.
  warnings.warn(
/home/s185927/.conda/envs/vjepa2-312/lib/python3.12/site-packages/pydantic/_internal/_generate_schema.py:2249: UnsupportedFieldAttributeWarning: The 'frozen' attribute with value True was provided to the `Field()` function, which has no effect in the context it was used. 'frozen' is field-specific metadata, and can only be attached to a model field using `Annotated` metadata or by assignment. This may have happened because an `Annotated` type alias using the `type` statement was used, or if the `Field()` function was attached to a single member of a union type.
  warnings.warn(
/home/s185927/.conda/envs/vjepa2-312/lib/python3.12/site-packages/pydantic/_internal/_generate_schema.py:2249: UnsupportedFieldAttributeWarning: The 'repr' attribute with value False was provided to the `Field()` function, which has no effect in the context it was used. 'repr' is field-specific metadata, and can only be attached to a model field using `Annotated` metadata or by assignment. This may have happened because an `Annotated` type alias using the `type` statement was used, or if the `Field()` function was attached to a single member of a union type.
  warnings.warn(
/home/s185927/.conda/envs/vjepa2-312/lib/python3.12/site-packages/pydantic/_internal/_generate_schema.py:2249: UnsupportedFieldAttributeWarning: The 'frozen' attribute with value True was provided to the `Field()` function, which has no effect in the context it was used. 'frozen' is field-specific metadata, and can only be attached to a model field using `Annotated` metadata or by assignment. This may have happened because an `Annotated` type alias using the `type` statement was used, or if the `Field()` function was attached to a single member of a union type.
  warnings.warn(
/home/s185927/.conda/envs/vjepa2-312/lib/python3.12/site-packages/pydantic/_internal/_generate_schema.py:2249: UnsupportedFieldAttributeWarning: The 'repr' attribute with value False was provided to the `Field()` function, which has no effect in the context it was used. 'repr' is field-specific metadata, and can only be attached to a model field using `Annotated` metadata or by assignment. This may have happened because an `Annotated` type alias using the `type` statement was used, or if the `Field()` function was attached to a single member of a union type.
  warnings.warn(
/home/s185927/.conda/envs/vjepa2-312/lib/python3.12/site-packages/pydantic/_internal/_generate_schema.py:2249: UnsupportedFieldAttributeWarning: The 'frozen' attribute with value True was provided to the `Field()` function, which has no effect in the context it was used. 'frozen' is field-specific metadata, and can only be attached to a model field using `Annotated` metadata or by assignment. This may have happened because an `Annotated` type alias using the `type` statement was used, or if the `Field()` function was attached to a single member of a union type.
  warnings.warn(
[INFO    ][2025-11-19 19:55:07][app.vjepa_droid.train_with_early_stopping][main_with_early_stopping ] Validation: loss=0.7173 [jloss=0.3537, sloss=0.3636]
[INFO    ][2025-11-19 19:55:07][app.vjepa_droid.train_with_early_stopping][main_with_early_stopping ] ★ Validation improved: inf → 0.7173
[INFO    ][2025-11-19 19:55:10][app.vjepa_droid.train_with_early_stopping][save_checkpoint          ] ★ Saved best model with val_loss=0.7173
[INFO    ][2025-11-19 19:55:10][app.vjepa_droid.train_with_early_stopping][main_with_early_stopping ] Epoch 2
[INFO    ][2025-11-19 19:55:10][app.vjepa_droid.train_with_early_stopping][main_with_early_stopping ] Exhausted data loaders. Refreshing...
[INFO    ][2025-11-19 19:55:12][app.vjepa_droid.train_with_early_stopping][log_stats                ] [2,     0] loss: 0.541 [0.27, 0.27] [wd: 4.00e-02] [lr: 9.84e-05] [mem: 2.51e+04] [iter: 1865.9 ms] [gpu: 1219.7 ms] [data: 645.0 ms]
[INFO    ][2025-11-19 19:55:23][app.vjepa_droid.train_with_early_stopping][log_stats                ] [2,    10] loss: 0.536 [0.27, 0.27] [wd: 4.00e-02] [lr: 9.92e-05] [mem: 2.51e+04] [iter: 1198.9 ms] [gpu: 1139.3 ms] [data: 58.7 ms]
[INFO    ][2025-11-19 19:55:33][app.vjepa_droid.train_with_early_stopping][main_with_early_stopping ] Exhausted data loaders. Refreshing...
[INFO    ][2025-11-19 19:55:35][app.vjepa_droid.train_with_early_stopping][log_stats                ] [2,    20] loss: 0.537 [0.27, 0.26] [wd: 4.00e-02] [lr: 1.00e-04] [mem: 2.51e+04] [iter: 1214.0 ms] [gpu: 1140.1 ms] [data: 73.0 ms]
[INFO    ][2025-11-19 19:55:47][app.vjepa_droid.train_with_early_stopping][log_stats                ] [2,    30] loss: 0.532 [0.27, 0.26] [wd: 4.00e-02] [lr: 1.01e-04] [mem: 2.51e+04] [iter: 1188.3 ms] [gpu: 1137.9 ms] [data: 49.4 ms]
[INFO    ][2025-11-19 19:55:57][app.vjepa_droid.train_with_early_stopping][main_with_early_stopping ] Exhausted data loaders. Refreshing...
[INFO    ][2025-11-19 19:55:59][app.vjepa_droid.train_with_early_stopping][log_stats                ] [2,    40] loss: 0.531 [0.27, 0.26] [wd: 4.00e-02] [lr: 1.02e-04] [mem: 2.51e+04] [iter: 1201.3 ms] [gpu: 1139.5 ms] [data: 60.9 ms]
[INFO    ][2025-11-19 19:56:10][app.vjepa_droid.train_with_early_stopping][log_stats                ] [2,    50] loss: 0.526 [0.27, 0.26] [wd: 4.00e-02] [lr: 1.02e-04] [mem: 2.51e+04] [iter: 1186.6 ms] [gpu: 1136.6 ms] [data: 49.0 ms]
[INFO    ][2025-11-19 19:56:21][app.vjepa_droid.train_with_early_stopping][main_with_early_stopping ] Exhausted data loaders. Refreshing...
[INFO    ][2025-11-19 19:56:23][app.vjepa_droid.train_with_early_stopping][log_stats                ] [2,    60] loss: 0.524 [0.27, 0.26] [wd: 4.00e-02] [lr: 1.03e-04] [mem: 2.51e+04] [iter: 1194.9 ms] [gpu: 1139.1 ms] [data: 54.9 ms]
[INFO    ][2025-11-19 19:56:34][app.vjepa_droid.train_with_early_stopping][log_stats                ] [2,    70] loss: 0.521 [0.26, 0.26] [wd: 4.00e-02] [lr: 1.04e-04] [mem: 2.51e+04] [iter: 1187.6 ms] [gpu: 1139.5 ms] [data: 47.2 ms]
[INFO    ][2025-11-19 19:56:45][app.vjepa_droid.train_with_early_stopping][main_with_early_stopping ] Exhausted data loaders. Refreshing...
[INFO    ][2025-11-19 19:56:47][app.vjepa_droid.train_with_early_stopping][log_stats                ] [2,    80] loss: 0.519 [0.26, 0.25] [wd: 4.00e-02] [lr: 1.05e-04] [mem: 2.51e+04] [iter: 1204.6 ms] [gpu: 1152.4 ms] [data: 51.3 ms]
[INFO    ][2025-11-19 19:57:00][app.vjepa_droid.train_with_early_stopping][log_stats                ] [2,    90] loss: 0.518 [0.26, 0.25] [wd: 4.00e-02] [lr: 1.05e-04] [mem: 2.51e+04] [iter: 1209.4 ms] [gpu: 1162.7 ms] [data: 45.7 ms]
[INFO    ][2025-11-19 19:57:11][app.vjepa_droid.train_with_early_stopping][main_with_early_stopping ] Exhausted data loaders. Refreshing...
[INFO    ][2025-11-19 19:57:13][app.vjepa_droid.train_with_early_stopping][log_stats                ] [2,   100] loss: 0.516 [0.26, 0.25] [wd: 4.00e-02] [lr: 1.06e-04] [mem: 2.51e+04] [iter: 1221.2 ms] [gpu: 1170.9 ms] [data: 49.3 ms]
[INFO    ][2025-11-19 19:57:26][app.vjepa_droid.train_with_early_stopping][log_stats                ] [2,   110] loss: 0.514 [0.26, 0.25] [wd: 4.00e-02] [lr: 1.07e-04] [mem: 2.51e+04] [iter: 1225.2 ms] [gpu: 1179.4 ms] [data: 44.9 ms]
[INFO    ][2025-11-19 19:57:37][app.vjepa_droid.train_with_early_stopping][main_with_early_stopping ] Exhausted data loaders. Refreshing...
[INFO    ][2025-11-19 19:57:39][app.vjepa_droid.train_with_early_stopping][log_stats                ] [2,   120] loss: 0.512 [0.26, 0.25] [wd: 4.00e-02] [lr: 1.08e-04] [mem: 2.51e+04] [iter: 1234.2 ms] [gpu: 1186.7 ms] [data: 46.6 ms]
[INFO    ][2025-11-19 19:57:52][app.vjepa_droid.train_with_early_stopping][log_stats                ] [2,   130] loss: 0.511 [0.26, 0.25] [wd: 4.00e-02] [lr: 1.09e-04] [mem: 2.51e+04] [iter: 1235.7 ms] [gpu: 1191.7 ms] [data: 43.0 ms]
[INFO    ][2025-11-19 19:58:03][app.vjepa_droid.train_with_early_stopping][main_with_early_stopping ] Exhausted data loaders. Refreshing...
[INFO    ][2025-11-19 19:58:05][app.vjepa_droid.train_with_early_stopping][log_stats                ] [2,   140] loss: 0.510 [0.26, 0.25] [wd: 4.00e-02] [lr: 1.09e-04] [mem: 2.51e+04] [iter: 1245.6 ms] [gpu: 1198.4 ms] [data: 46.3 ms]
[INFO    ][2025-11-19 19:58:18][app.vjepa_droid.train_with_early_stopping][log_stats                ] [2,   150] loss: 0.509 [0.26, 0.25] [wd: 4.00e-02] [lr: 1.10e-04] [mem: 2.51e+04] [iter: 1245.6 ms] [gpu: 1201.5 ms] [data: 43.2 ms]
[INFO    ][2025-11-19 19:58:29][app.vjepa_droid.train_with_early_stopping][main_with_early_stopping ] Exhausted data loaders. Refreshing...
[INFO    ][2025-11-19 19:58:31][app.vjepa_droid.train_with_early_stopping][log_stats                ] [2,   160] loss: 0.508 [0.26, 0.25] [wd: 4.00e-02] [lr: 1.11e-04] [mem: 2.51e+04] [iter: 1252.1 ms] [gpu: 1205.7 ms] [data: 45.5 ms]
[INFO    ][2025-11-19 19:58:44][app.vjepa_droid.train_with_early_stopping][log_stats                ] [2,   170] loss: 0.507 [0.26, 0.25] [wd: 4.00e-02] [lr: 1.12e-04] [mem: 2.51e+04] [iter: 1252.6 ms] [gpu: 1208.8 ms] [data: 42.8 ms]
[INFO    ][2025-11-19 19:58:55][app.vjepa_droid.train_with_early_stopping][main_with_early_stopping ] Exhausted data loaders. Refreshing...
[INFO    ][2025-11-19 19:58:57][app.vjepa_droid.train_with_early_stopping][log_stats                ] [2,   180] loss: 0.505 [0.26, 0.25] [wd: 4.00e-02] [lr: 1.12e-04] [mem: 2.51e+04] [iter: 1257.9 ms] [gpu: 1212.5 ms] [data: 44.5 ms]
[INFO    ][2025-11-19 19:59:10][app.vjepa_droid.train_with_early_stopping][log_stats                ] [2,   190] loss: 0.504 [0.26, 0.25] [wd: 4.00e-02] [lr: 1.13e-04] [mem: 2.51e+04] [iter: 1257.9 ms] [gpu: 1214.8 ms] [data: 42.1 ms]
[INFO    ][2025-11-19 19:59:21][app.vjepa_droid.train_with_early_stopping][main_with_early_stopping ] Exhausted data loaders. Refreshing...
[INFO    ][2025-11-19 19:59:23][app.vjepa_droid.train_with_early_stopping][log_stats                ] [2,   200] loss: 0.502 [0.26, 0.25] [wd: 4.00e-02] [lr: 1.14e-04] [mem: 2.51e+04] [iter: 1262.1 ms] [gpu: 1216.5 ms] [data: 44.6 ms]
[INFO    ][2025-11-19 19:59:36][app.vjepa_droid.train_with_early_stopping][log_stats                ] [2,   210] loss: 0.501 [0.26, 0.24] [wd: 4.00e-02] [lr: 1.15e-04] [mem: 2.51e+04] [iter: 1261.8 ms] [gpu: 1218.4 ms] [data: 42.5 ms]
[INFO    ][2025-11-19 19:59:47][app.vjepa_droid.train_with_early_stopping][main_with_early_stopping ] Exhausted data loaders. Refreshing...
[INFO    ][2025-11-19 19:59:50][app.vjepa_droid.train_with_early_stopping][log_stats                ] [2,   220] loss: 0.499 [0.26, 0.24] [wd: 4.00e-02] [lr: 1.16e-04] [mem: 2.51e+04] [iter: 1266.8 ms] [gpu: 1220.4 ms] [data: 45.5 ms]
[INFO    ][2025-11-19 20:00:03][app.vjepa_droid.train_with_early_stopping][log_stats                ] [2,   230] loss: 0.498 [0.25, 0.24] [wd: 4.00e-02] [lr: 1.16e-04] [mem: 2.51e+04] [iter: 1267.1 ms] [gpu: 1222.7 ms] [data: 43.5 ms]
[INFO    ][2025-11-19 20:00:14][app.vjepa_droid.train_with_early_stopping][main_with_early_stopping ] Exhausted data loaders. Refreshing...
[INFO    ][2025-11-19 20:00:16][app.vjepa_droid.train_with_early_stopping][log_stats                ] [2,   240] loss: 0.497 [0.25, 0.24] [wd: 4.00e-02] [lr: 1.17e-04] [mem: 2.51e+04] [iter: 1270.9 ms] [gpu: 1225.0 ms] [data: 45.0 ms]
[INFO    ][2025-11-19 20:00:29][app.vjepa_droid.train_with_early_stopping][log_stats                ] [2,   250] loss: 0.495 [0.25, 0.24] [wd: 4.00e-02] [lr: 1.18e-04] [mem: 2.51e+04] [iter: 1269.8 ms] [gpu: 1225.6 ms] [data: 43.3 ms]
[INFO    ][2025-11-19 20:00:40][app.vjepa_droid.train_with_early_stopping][main_with_early_stopping ] Exhausted data loaders. Refreshing...
[INFO    ][2025-11-19 20:00:42][app.vjepa_droid.train_with_early_stopping][log_stats                ] [2,   260] loss: 0.494 [0.25, 0.24] [wd: 4.00e-02] [lr: 1.19e-04] [mem: 2.51e+04] [iter: 1273.8 ms] [gpu: 1228.1 ms] [data: 44.8 ms]
[INFO    ][2025-11-19 20:00:55][app.vjepa_droid.train_with_early_stopping][log_stats                ] [2,   270] loss: 0.492 [0.25, 0.24] [wd: 4.00e-02] [lr: 1.19e-04] [mem: 2.51e+04] [iter: 1273.4 ms] [gpu: 1229.3 ms] [data: 43.1 ms]
[INFO    ][2025-11-19 20:01:06][app.vjepa_droid.train_with_early_stopping][main_with_early_stopping ] Exhausted data loaders. Refreshing...
[INFO    ][2025-11-19 20:01:09][app.vjepa_droid.train_with_early_stopping][log_stats                ] [2,   280] loss: 0.491 [0.25, 0.24] [wd: 4.00e-02] [lr: 1.20e-04] [mem: 2.51e+04] [iter: 1276.6 ms] [gpu: 1230.8 ms] [data: 44.9 ms]
[INFO    ][2025-11-19 20:01:21][app.vjepa_droid.train_with_early_stopping][log_stats                ] [2,   290] loss: 0.490 [0.25, 0.24] [wd: 4.00e-02] [lr: 1.21e-04] [mem: 2.51e+04] [iter: 1276.5 ms] [gpu: 1232.3 ms] [data: 43.3 ms]
[INFO    ][2025-11-19 20:01:33][app.vjepa_droid.train_with_early_stopping][log_stats                ] [2,   299] loss: 0.489 [0.25, 0.24] [wd: 4.00e-02] [lr: 1.22e-04] [mem: 2.51e+04] [iter: 1275.9 ms] [gpu: 1233.0 ms] [data: 42.0 ms]
[INFO    ][2025-11-19 20:01:33][app.vjepa_droid.train_with_early_stopping][main_with_early_stopping ] avg. loss 0.489
[INFO    ][2025-11-19 20:01:37][app.vjepa_droid.train_with_early_stopping][main_with_early_stopping ] Running validation...
[INFO    ][2025-11-19 20:01:53][app.vjepa_droid.train_with_early_stopping][main_with_early_stopping ] Validation: loss=0.7286 [jloss=0.3574, sloss=0.3712]
[INFO    ][2025-11-19 20:01:53][app.vjepa_droid.train_with_early_stopping][main_with_early_stopping ] No improvement for 1 epochs (best: 0.7173)
[INFO    ][2025-11-19 20:01:53][app.vjepa_droid.train_with_early_stopping][main_with_early_stopping ] Epoch 3
[INFO    ][2025-11-19 20:01:53][app.vjepa_droid.train_with_early_stopping][main_with_early_stopping ] Exhausted data loaders. Refreshing...
[INFO    ][2025-11-19 20:01:55][app.vjepa_droid.train_with_early_stopping][log_stats                ] [3,     0] loss: 0.470 [0.24, 0.23] [wd: 4.00e-02] [lr: 1.22e-04] [mem: 2.51e+04] [iter: 2228.1 ms] [gpu: 1465.1 ms] [data: 762.0 ms]
[INFO    ][2025-11-19 20:02:08][app.vjepa_droid.train_with_early_stopping][log_stats                ] [3,    10] loss: 0.458 [0.24, 0.22] [wd: 4.00e-02] [lr: 1.23e-04] [mem: 2.51e+04] [iter: 1347.2 ms] [gpu: 1276.9 ms] [data: 69.4 ms]
[INFO    ][2025-11-19 20:02:19][app.vjepa_droid.train_with_early_stopping][main_with_early_stopping ] Exhausted data loaders. Refreshing...
[INFO    ][2025-11-19 20:02:21][app.vjepa_droid.train_with_early_stopping][log_stats                ] [3,    20] loss: 0.456 [0.23, 0.22] [wd: 4.00e-02] [lr: 1.23e-04] [mem: 2.51e+04] [iter: 1356.4 ms] [gpu: 1271.4 ms] [data: 84.1 ms]
[INFO    ][2025-11-19 20:02:34][app.vjepa_droid.train_with_early_stopping][log_stats                ] [3,    30] loss: 0.459 [0.24, 0.22] [wd: 4.00e-02] [lr: 1.24e-04] [mem: 2.51e+04] [iter: 1327.7 ms] [gpu: 1269.7 ms] [data: 57.0 ms]
[INFO    ][2025-11-19 20:02:45][app.vjepa_droid.train_with_early_stopping][main_with_early_stopping ] Exhausted data loaders. Refreshing...
[INFO    ][2025-11-19 20:02:48][app.vjepa_droid.train_with_early_stopping][log_stats                ] [3,    40] loss: 0.458 [0.24, 0.22] [wd: 4.00e-02] [lr: 1.25e-04] [mem: 2.51e+04] [iter: 1334.8 ms] [gpu: 1271.0 ms] [data: 62.8 ms]
[INFO    ][2025-11-19 20:03:00][app.vjepa_droid.train_with_early_stopping][log_stats                ] [3,    50] loss: 0.455 [0.23, 0.22] [wd: 4.00e-02] [lr: 1.26e-04] [mem: 2.51e+04] [iter: 1319.2 ms] [gpu: 1267.7 ms] [data: 50.5 ms]
[INFO    ][2025-11-19 20:03:12][app.vjepa_droid.train_with_early_stopping][main_with_early_stopping ] Exhausted data loaders. Refreshing...
[INFO    ][2025-11-19 20:03:14][app.vjepa_droid.train_with_early_stopping][log_stats                ] [3,    60] loss: 0.454 [0.23, 0.22] [wd: 4.00e-02] [lr: 1.26e-04] [mem: 2.51e+04] [iter: 1326.8 ms] [gpu: 1268.9 ms] [data: 56.9 ms]
[INFO    ][2025-11-19 20:03:26][app.vjepa_droid.train_with_early_stopping][log_stats                ] [3,    70] loss: 0.453 [0.23, 0.22] [wd: 4.00e-02] [lr: 1.27e-04] [mem: 2.51e+04] [iter: 1317.5 ms] [gpu: 1267.7 ms] [data: 48.9 ms]
[INFO    ][2025-11-19 20:03:38][app.vjepa_droid.train_with_early_stopping][main_with_early_stopping ] Exhausted data loaders. Refreshing...
[INFO    ][2025-11-19 20:03:40][app.vjepa_droid.train_with_early_stopping][log_stats                ] [3,    80] loss: 0.453 [0.23, 0.22] [wd: 4.00e-02] [lr: 1.28e-04] [mem: 2.51e+04] [iter: 1320.9 ms] [gpu: 1268.7 ms] [data: 51.3 ms]
[INFO    ][2025-11-19 20:03:53][app.vjepa_droid.train_with_early_stopping][log_stats                ] [3,    90] loss: 0.451 [0.23, 0.22] [wd: 4.00e-02] [lr: 1.29e-04] [mem: 2.51e+04] [iter: 1314.4 ms] [gpu: 1267.7 ms] [data: 45.7 ms]
[INFO    ][2025-11-19 20:04:04][app.vjepa_droid.train_with_early_stopping][main_with_early_stopping ] Exhausted data loaders. Refreshing...
[INFO    ][2025-11-19 20:04:06][app.vjepa_droid.train_with_early_stopping][log_stats                ] [3,   100] loss: 0.450 [0.23, 0.22] [wd: 4.00e-02] [lr: 1.30e-04] [mem: 2.51e+04] [iter: 1316.7 ms] [gpu: 1266.6 ms] [data: 49.2 ms]
[INFO    ][2025-11-19 20:04:19][app.vjepa_droid.train_with_early_stopping][log_stats                ] [3,   110] loss: 0.450 [0.23, 0.22] [wd: 4.00e-02] [lr: 1.30e-04] [mem: 2.51e+04] [iter: 1311.7 ms] [gpu: 1266.0 ms] [data: 44.8 ms]
[INFO    ][2025-11-19 20:04:30][app.vjepa_droid.train_with_early_stopping][main_with_early_stopping ] Exhausted data loaders. Refreshing...
[INFO    ][2025-11-19 20:04:32][app.vjepa_droid.train_with_early_stopping][log_stats                ] [3,   120] loss: 0.449 [0.23, 0.22] [wd: 4.00e-02] [lr: 1.31e-04] [mem: 2.51e+04] [iter: 1315.9 ms] [gpu: 1266.1 ms] [data: 48.9 ms]
[INFO    ][2025-11-19 20:04:45][app.vjepa_droid.train_with_early_stopping][log_stats                ] [3,   130] loss: 0.449 [0.23, 0.22] [wd: 4.00e-02] [lr: 1.32e-04] [mem: 2.51e+04] [iter: 1312.0 ms] [gpu: 1265.9 ms] [data: 45.2 ms]
[INFO    ][2025-11-19 20:04:56][app.vjepa_droid.train_with_early_stopping][main_with_early_stopping ] Exhausted data loaders. Refreshing...
[INFO    ][2025-11-19 20:04:58][app.vjepa_droid.train_with_early_stopping][log_stats                ] [3,   140] loss: 0.449 [0.23, 0.22] [wd: 4.00e-02] [lr: 1.33e-04] [mem: 2.51e+04] [iter: 1314.1 ms] [gpu: 1265.5 ms] [data: 47.7 ms]
[INFO    ][2025-11-19 20:05:11][app.vjepa_droid.train_with_early_stopping][log_stats                ] [3,   150] loss: 0.448 [0.23, 0.22] [wd: 4.00e-02] [lr: 1.33e-04] [mem: 2.51e+04] [iter: 1310.3 ms] [gpu: 1264.8 ms] [data: 44.6 ms]
[INFO    ][2025-11-19 20:05:22][app.vjepa_droid.train_with_early_stopping][main_with_early_stopping ] Exhausted data loaders. Refreshing...
[INFO    ][2025-11-19 20:05:25][app.vjepa_droid.train_with_early_stopping][log_stats                ] [3,   160] loss: 0.447 [0.23, 0.22] [wd: 4.00e-02] [lr: 1.34e-04] [mem: 2.51e+04] [iter: 1314.1 ms] [gpu: 1265.4 ms] [data: 47.9 ms]
[INFO    ][2025-11-19 20:05:37][app.vjepa_droid.train_with_early_stopping][log_stats                ] [3,   170] loss: 0.447 [0.23, 0.22] [wd: 4.00e-02] [lr: 1.35e-04] [mem: 2.51e+04] [iter: 1311.8 ms] [gpu: 1265.8 ms] [data: 45.1 ms]
[INFO    ][2025-11-19 20:05:49][app.vjepa_droid.train_with_early_stopping][main_with_early_stopping ] Exhausted data loaders. Refreshing...
[INFO    ][2025-11-19 20:05:51][app.vjepa_droid.train_with_early_stopping][log_stats                ] [3,   180] loss: 0.446 [0.23, 0.22] [wd: 4.00e-02] [lr: 1.36e-04] [mem: 2.51e+04] [iter: 1314.7 ms] [gpu: 1266.8 ms] [data: 47.0 ms]
[INFO    ][2025-11-19 20:06:04][app.vjepa_droid.train_with_early_stopping][log_stats                ] [3,   190] loss: 0.446 [0.23, 0.22] [wd: 4.00e-02] [lr: 1.37e-04] [mem: 2.51e+04] [iter: 1312.0 ms] [gpu: 1266.5 ms] [data: 44.5 ms]
[INFO    ][2025-11-19 20:06:15][app.vjepa_droid.train_with_early_stopping][main_with_early_stopping ] Exhausted data loaders. Refreshing...
[INFO    ][2025-11-19 20:06:17][app.vjepa_droid.train_with_early_stopping][log_stats                ] [3,   200] loss: 0.445 [0.23, 0.22] [wd: 4.00e-02] [lr: 1.37e-04] [mem: 2.51e+04] [iter: 1315.7 ms] [gpu: 1267.3 ms] [data: 47.5 ms]
[INFO    ][2025-11-19 20:06:30][app.vjepa_droid.train_with_early_stopping][log_stats                ] [3,   210] loss: 0.445 [0.23, 0.22] [wd: 4.00e-02] [lr: 1.38e-04] [mem: 2.51e+04] [iter: 1313.8 ms] [gpu: 1267.6 ms] [data: 45.2 ms]
[INFO    ][2025-11-19 20:06:42][app.vjepa_droid.train_with_early_stopping][main_with_early_stopping ] Exhausted data loaders. Refreshing...
[INFO    ][2025-11-19 20:06:44][app.vjepa_droid.train_with_early_stopping][log_stats                ] [3,   220] loss: 0.444 [0.23, 0.22] [wd: 4.00e-02] [lr: 1.39e-04] [mem: 2.51e+04] [iter: 1316.9 ms] [gpu: 1268.2 ms] [data: 47.7 ms]
[INFO    ][2025-11-19 20:06:57][app.vjepa_droid.train_with_early_stopping][log_stats                ] [3,   230] loss: 0.444 [0.23, 0.22] [wd: 4.00e-02] [lr: 1.40e-04] [mem: 2.51e+04] [iter: 1315.0 ms] [gpu: 1268.5 ms] [data: 45.6 ms]
[INFO    ][2025-11-19 20:07:08][app.vjepa_droid.train_with_early_stopping][main_with_early_stopping ] Exhausted data loaders. Refreshing...
[INFO    ][2025-11-19 20:07:10][app.vjepa_droid.train_with_early_stopping][log_stats                ] [3,   240] loss: 0.443 [0.23, 0.22] [wd: 4.00e-02] [lr: 1.40e-04] [mem: 2.51e+04] [iter: 1316.4 ms] [gpu: 1268.3 ms] [data: 47.2 ms]
[INFO    ][2025-11-19 20:07:23][app.vjepa_droid.train_with_early_stopping][log_stats                ] [3,   250] loss: 0.443 [0.23, 0.22] [wd: 4.00e-02] [lr: 1.41e-04] [mem: 2.51e+04] [iter: 1314.3 ms] [gpu: 1268.1 ms] [data: 45.3 ms]
[INFO    ][2025-11-19 20:07:34][app.vjepa_droid.train_with_early_stopping][main_with_early_stopping ] Exhausted data loaders. Refreshing...
[INFO    ][2025-11-19 20:07:36][app.vjepa_droid.train_with_early_stopping][log_stats                ] [3,   260] loss: 0.443 [0.23, 0.22] [wd: 4.00e-02] [lr: 1.42e-04] [mem: 2.51e+04] [iter: 1316.1 ms] [gpu: 1268.6 ms] [data: 46.5 ms]
[INFO    ][2025-11-19 20:07:49][app.vjepa_droid.train_with_early_stopping][log_stats                ] [3,   270] loss: 0.442 [0.23, 0.21] [wd: 4.00e-02] [lr: 1.43e-04] [mem: 2.51e+04] [iter: 1314.2 ms] [gpu: 1268.5 ms] [data: 44.8 ms]
[INFO    ][2025-11-19 20:08:00][app.vjepa_droid.train_with_early_stopping][main_with_early_stopping ] Exhausted data loaders. Refreshing...
[INFO    ][2025-11-19 20:08:02][app.vjepa_droid.train_with_early_stopping][log_stats                ] [3,   280] loss: 0.441 [0.23, 0.21] [wd: 4.00e-02] [lr: 1.44e-04] [mem: 2.51e+04] [iter: 1314.7 ms] [gpu: 1268.1 ms] [data: 45.6 ms]
[INFO    ][2025-11-19 20:08:15][app.vjepa_droid.train_with_early_stopping][log_stats                ] [3,   290] loss: 0.441 [0.23, 0.21] [wd: 4.00e-02] [lr: 1.44e-04] [mem: 2.51e+04] [iter: 1312.5 ms] [gpu: 1267.6 ms] [data: 44.0 ms]
[INFO    ][2025-11-19 20:08:26][app.vjepa_droid.train_with_early_stopping][log_stats                ] [3,   299] loss: 0.440 [0.23, 0.21] [wd: 4.00e-02] [lr: 1.45e-04] [mem: 2.51e+04] [iter: 1310.9 ms] [gpu: 1267.3 ms] [data: 42.7 ms]
[INFO    ][2025-11-19 20:08:26][app.vjepa_droid.train_with_early_stopping][main_with_early_stopping ] avg. loss 0.440
[INFO    ][2025-11-19 20:08:30][app.vjepa_droid.train_with_early_stopping][main_with_early_stopping ] Running validation...
[INFO    ][2025-11-19 20:08:46][app.vjepa_droid.train_with_early_stopping][main_with_early_stopping ] Validation: loss=0.7241 [jloss=0.3558, sloss=0.3682]
[INFO    ][2025-11-19 20:08:46][app.vjepa_droid.train_with_early_stopping][main_with_early_stopping ] No improvement for 2 epochs (best: 0.7173)
[INFO    ][2025-11-19 20:08:46][app.vjepa_droid.train_with_early_stopping][main_with_early_stopping ] Epoch 4
[INFO    ][2025-11-19 20:08:46][app.vjepa_droid.train_with_early_stopping][main_with_early_stopping ] Exhausted data loaders. Refreshing...
[INFO    ][2025-11-19 20:08:49][app.vjepa_droid.train_with_early_stopping][log_stats                ] [4,     0] loss: 0.395 [0.20, 0.19] [wd: 4.00e-02] [lr: 1.45e-04] [mem: 2.51e+04] [iter: 2131.5 ms] [gpu: 1488.5 ms] [data: 641.4 ms]
[INFO    ][2025-11-19 20:09:01][app.vjepa_droid.train_with_early_stopping][log_stats                ] [4,    10] loss: 0.420 [0.22, 0.20] [wd: 4.00e-02] [lr: 1.46e-04] [mem: 2.51e+04] [iter: 1346.8 ms] [gpu: 1287.3 ms] [data: 58.4 ms]
[INFO    ][2025-11-19 20:09:13][app.vjepa_droid.train_with_early_stopping][main_with_early_stopping ] Exhausted data loaders. Refreshing...
[INFO    ][2025-11-19 20:09:15][app.vjepa_droid.train_with_early_stopping][log_stats                ] [4,    20] loss: 0.419 [0.22, 0.20] [wd: 4.00e-02] [lr: 1.47e-04] [mem: 2.51e+04] [iter: 1356.8 ms] [gpu: 1279.1 ms] [data: 76.8 ms]
[INFO    ][2025-11-19 20:09:28][app.vjepa_droid.train_with_early_stopping][log_stats                ] [4,    30] loss: 0.421 [0.22, 0.20] [wd: 4.00e-02] [lr: 1.47e-04] [mem: 2.51e+04] [iter: 1328.6 ms] [gpu: 1275.6 ms] [data: 52.1 ms]
[INFO    ][2025-11-19 20:09:39][app.vjepa_droid.train_with_early_stopping][main_with_early_stopping ] Exhausted data loaders. Refreshing...
[INFO    ][2025-11-19 20:09:41][app.vjepa_droid.train_with_early_stopping][log_stats                ] [4,    40] loss: 0.421 [0.22, 0.21] [wd: 4.00e-02] [lr: 1.48e-04] [mem: 2.51e+04] [iter: 1330.8 ms] [gpu: 1269.9 ms] [data: 59.9 ms]
[INFO    ][2025-11-19 20:09:54][app.vjepa_droid.train_with_early_stopping][log_stats                ] [4,    50] loss: 0.422 [0.22, 0.21] [wd: 4.00e-02] [lr: 1.49e-04] [mem: 2.51e+04] [iter: 1316.0 ms] [gpu: 1266.8 ms] [data: 48.2 ms]
[INFO    ][2025-11-19 20:10:05][app.vjepa_droid.train_with_early_stopping][main_with_early_stopping ] Exhausted data loaders. Refreshing...
[INFO    ][2025-11-19 20:10:07][app.vjepa_droid.train_with_early_stopping][log_stats                ] [4,    60] loss: 0.422 [0.22, 0.21] [wd: 4.00e-02] [lr: 1.50e-04] [mem: 2.51e+04] [iter: 1324.9 ms] [gpu: 1267.5 ms] [data: 56.4 ms]
[INFO    ][2025-11-19 20:10:20][app.vjepa_droid.train_with_early_stopping][log_stats                ] [4,    70] loss: 0.422 [0.22, 0.21] [wd: 4.00e-02] [lr: 1.51e-04] [mem: 2.51e+04] [iter: 1314.4 ms] [gpu: 1265.0 ms] [data: 48.5 ms]
[INFO    ][2025-11-19 20:10:31][app.vjepa_droid.train_with_early_stopping][main_with_early_stopping ] Exhausted data loaders. Refreshing...
[INFO    ][2025-11-19 20:10:33][app.vjepa_droid.train_with_early_stopping][log_stats                ] [4,    80] loss: 0.421 [0.22, 0.20] [wd: 4.00e-02] [lr: 1.51e-04] [mem: 2.51e+04] [iter: 1317.3 ms] [gpu: 1263.5 ms] [data: 52.9 ms]
[INFO    ][2025-11-19 20:10:46][app.vjepa_droid.train_with_early_stopping][log_stats                ] [4,    90] loss: 0.421 [0.22, 0.20] [wd: 4.00e-02] [lr: 1.52e-04] [mem: 2.51e+04] [iter: 1311.5 ms] [gpu: 1263.5 ms] [data: 47.1 ms]
[INFO    ][2025-11-19 20:10:57][app.vjepa_droid.train_with_early_stopping][main_with_early_stopping ] Exhausted data loaders. Refreshing...
[INFO    ][2025-11-19 20:11:00][app.vjepa_droid.train_with_early_stopping][log_stats                ] [4,   100] loss: 0.421 [0.22, 0.20] [wd: 4.00e-02] [lr: 1.53e-04] [mem: 2.51e+04] [iter: 1317.1 ms] [gpu: 1264.8 ms] [data: 51.4 ms]
[INFO    ][2025-11-19 20:11:12][app.vjepa_droid.train_with_early_stopping][log_stats                ] [4,   110] loss: 0.420 [0.22, 0.20] [wd: 4.00e-02] [lr: 1.54e-04] [mem: 2.51e+04] [iter: 1311.0 ms] [gpu: 1263.3 ms] [data: 46.8 ms]
[INFO    ][2025-11-19 20:11:23][app.vjepa_droid.train_with_early_stopping][main_with_early_stopping ] Exhausted data loaders. Refreshing...
[INFO    ][2025-11-19 20:11:26][app.vjepa_droid.train_with_early_stopping][log_stats                ] [4,   120] loss: 0.420 [0.22, 0.20] [wd: 4.00e-02] [lr: 1.54e-04] [mem: 2.51e+04] [iter: 1315.8 ms] [gpu: 1264.8 ms] [data: 50.1 ms]
[INFO    ][2025-11-19 20:11:38][app.vjepa_droid.train_with_early_stopping][log_stats                ] [4,   130] loss: 0.420 [0.22, 0.20] [wd: 4.00e-02] [lr: 1.55e-04] [mem: 2.51e+04] [iter: 1310.4 ms] [gpu: 1263.2 ms] [data: 46.3 ms]
[INFO    ][2025-11-19 20:11:50][app.vjepa_droid.train_with_early_stopping][main_with_early_stopping ] Exhausted data loaders. Refreshing...
[INFO    ][2025-11-19 20:11:52][app.vjepa_droid.train_with_early_stopping][log_stats                ] [4,   140] loss: 0.420 [0.22, 0.20] [wd: 4.00e-02] [lr: 1.56e-04] [mem: 2.51e+04] [iter: 1314.6 ms] [gpu: 1263.3 ms] [data: 50.4 ms]
[INFO    ][2025-11-19 20:12:04][app.vjepa_droid.train_with_early_stopping][log_stats                ] [4,   150] loss: 0.420 [0.22, 0.20] [wd: 4.00e-02] [lr: 1.57e-04] [mem: 2.51e+04] [iter: 1311.1 ms] [gpu: 1263.1 ms] [data: 47.0 ms]
[INFO    ][2025-11-19 20:12:16][app.vjepa_droid.train_with_early_stopping][main_with_early_stopping ] Exhausted data loaders. Refreshing...
[INFO    ][2025-11-19 20:12:18][app.vjepa_droid.train_with_early_stopping][log_stats                ] [4,   160] loss: 0.420 [0.22, 0.20] [wd: 4.00e-02] [lr: 1.58e-04] [mem: 2.51e+04] [iter: 1313.9 ms] [gpu: 1263.2 ms] [data: 49.7 ms]
[INFO    ][2025-11-19 20:12:31][app.vjepa_droid.train_with_early_stopping][log_stats                ] [4,   170] loss: 0.419 [0.21, 0.20] [wd: 4.00e-02] [lr: 1.58e-04] [mem: 2.51e+04] [iter: 1310.0 ms] [gpu: 1262.3 ms] [data: 46.8 ms]
[INFO    ][2025-11-19 20:12:42][app.vjepa_droid.train_with_early_stopping][main_with_early_stopping ] Exhausted data loaders. Refreshing...
[INFO    ][2025-11-19 20:12:44][app.vjepa_droid.train_with_early_stopping][log_stats                ] [4,   180] loss: 0.419 [0.21, 0.20] [wd: 4.00e-02] [lr: 1.59e-04] [mem: 2.51e+04] [iter: 1311.9 ms] [gpu: 1261.4 ms] [data: 49.6 ms]
[INFO    ][2025-11-19 20:12:57][app.vjepa_droid.train_with_early_stopping][log_stats                ] [4,   190] loss: 0.419 [0.21, 0.20] [wd: 4.00e-02] [lr: 1.60e-04] [mem: 2.51e+04] [iter: 1310.0 ms] [gpu: 1262.0 ms] [data: 47.1 ms]
[INFO    ][2025-11-19 20:13:08][app.vjepa_droid.train_with_early_stopping][main_with_early_stopping ] Exhausted data loaders. Refreshing...
[INFO    ][2025-11-19 20:13:11][app.vjepa_droid.train_with_early_stopping][log_stats                ] [4,   200] loss: 0.419 [0.21, 0.20] [wd: 4.00e-02] [lr: 1.61e-04] [mem: 2.51e+04] [iter: 1314.3 ms] [gpu: 1262.7 ms] [data: 50.6 ms]
[INFO    ][2025-11-19 20:13:23][app.vjepa_droid.train_with_early_stopping][log_stats                ] [4,   210] loss: 0.419 [0.21, 0.20] [wd: 4.00e-02] [lr: 1.61e-04] [mem: 2.51e+04] [iter: 1312.0 ms] [gpu: 1262.8 ms] [data: 48.2 ms]
[INFO    ][2025-11-19 20:13:35][app.vjepa_droid.train_with_early_stopping][main_with_early_stopping ] Exhausted data loaders. Refreshing...
[INFO    ][2025-11-19 20:13:37][app.vjepa_droid.train_with_early_stopping][log_stats                ] [4,   220] loss: 0.418 [0.21, 0.20] [wd: 4.00e-02] [lr: 1.62e-04] [mem: 2.51e+04] [iter: 1313.6 ms] [gpu: 1263.0 ms] [data: 49.7 ms]
[INFO    ][2025-11-19 20:13:49][app.vjepa_droid.train_with_early_stopping][log_stats                ] [4,   230] loss: 0.419 [0.21, 0.20] [wd: 4.00e-02] [lr: 1.63e-04] [mem: 2.51e+04] [iter: 1311.2 ms] [gpu: 1262.7 ms] [data: 47.5 ms]
[INFO    ][2025-11-19 20:14:01][app.vjepa_droid.train_with_early_stopping][main_with_early_stopping ] Exhausted data loaders. Refreshing...
[INFO    ][2025-11-19 20:14:03][app.vjepa_droid.train_with_early_stopping][log_stats                ] [4,   240] loss: 0.418 [0.21, 0.20] [wd: 4.00e-02] [lr: 1.64e-04] [mem: 2.51e+04] [iter: 1312.6 ms] [gpu: 1262.7 ms] [data: 49.0 ms]
[INFO    ][2025-11-19 20:14:16][app.vjepa_droid.train_with_early_stopping][log_stats                ] [4,   250] loss: 0.418 [0.21, 0.20] [wd: 4.00e-02] [lr: 1.65e-04] [mem: 2.51e+04] [iter: 1311.0 ms] [gpu: 1263.0 ms] [data: 47.0 ms]
[INFO    ][2025-11-19 20:14:27][app.vjepa_droid.train_with_early_stopping][main_with_early_stopping ] Exhausted data loaders. Refreshing...
[INFO    ][2025-11-19 20:14:29][app.vjepa_droid.train_with_early_stopping][log_stats                ] [4,   260] loss: 0.418 [0.21, 0.20] [wd: 4.00e-02] [lr: 1.65e-04] [mem: 2.51e+04] [iter: 1312.3 ms] [gpu: 1263.3 ms] [data: 48.1 ms]
[INFO    ][2025-11-19 20:14:42][app.vjepa_droid.train_with_early_stopping][log_stats                ] [4,   270] loss: 0.418 [0.21, 0.20] [wd: 4.00e-02] [lr: 1.66e-04] [mem: 2.51e+04] [iter: 1309.8 ms] [gpu: 1262.6 ms] [data: 46.3 ms]
[INFO    ][2025-11-19 20:14:53][app.vjepa_droid.train_with_early_stopping][main_with_early_stopping ] Exhausted data loaders. Refreshing...
[INFO    ][2025-11-19 20:14:55][app.vjepa_droid.train_with_early_stopping][log_stats                ] [4,   280] loss: 0.418 [0.21, 0.20] [wd: 4.00e-02] [lr: 1.67e-04] [mem: 2.51e+04] [iter: 1311.1 ms] [gpu: 1262.7 ms] [data: 47.5 ms]
[INFO    ][2025-11-19 20:15:08][app.vjepa_droid.train_with_early_stopping][log_stats                ] [4,   290] loss: 0.418 [0.21, 0.20] [wd: 4.00e-02] [lr: 1.68e-04] [mem: 2.51e+04] [iter: 1309.3 ms] [gpu: 1262.5 ms] [data: 45.9 ms]
[INFO    ][2025-11-19 20:15:19][app.vjepa_droid.train_with_early_stopping][log_stats                ] [4,   299] loss: 0.417 [0.21, 0.20] [wd: 4.00e-02] [lr: 1.68e-04] [mem: 2.51e+04] [iter: 1307.7 ms] [gpu: 1262.3 ms] [data: 44.5 ms]
[INFO    ][2025-11-19 20:15:19][app.vjepa_droid.train_with_early_stopping][main_with_early_stopping ] avg. loss 0.417
[INFO    ][2025-11-19 20:15:23][app.vjepa_droid.train_with_early_stopping][main_with_early_stopping ] Running validation...
[INFO    ][2025-11-19 20:15:39][app.vjepa_droid.train_with_early_stopping][main_with_early_stopping ] Validation: loss=0.7275 [jloss=0.3576, sloss=0.3699]
[INFO    ][2025-11-19 20:15:39][app.vjepa_droid.train_with_early_stopping][main_with_early_stopping ] No improvement for 3 epochs (best: 0.7173)
[INFO    ][2025-11-19 20:15:39][app.vjepa_droid.train_with_early_stopping][main_with_early_stopping ] Early stopping triggered! No improvement for 3 epochs.
[INFO    ][2025-11-19 20:15:39][app.vjepa_droid.train_with_early_stopping][main_with_early_stopping ] Best validation loss: 0.7173 at epoch 1
[INFO    ][2025-11-19 20:15:39][app.vjepa_droid.train_with_early_stopping][main_with_early_stopping ] Best model saved to: /data/s185927/vjepa2/weights/droid/4.8.vitg16-256px-8f_025pct/best.pt
[INFO    ][2025-11-19 20:15:39][app.vjepa_droid.train_with_early_stopping][main_with_early_stopping ] Training complete!
[INFO    ][2025-11-19 20:15:39][app.vjepa_droid.train_with_early_stopping][main_with_early_stopping ] Stopped early at epoch 4
[INFO    ][2025-11-19 20:15:39][app.vjepa_droid.train_with_early_stopping][main_with_early_stopping ] Best validation loss: 0.7173
[INFO    ][2025-11-19 20:15:39][app.vjepa_droid.train_with_early_stopping][main_with_early_stopping ] Best model: /data/s185927/vjepa2/weights/droid/4.8.vitg16-256px-8f_025pct/best.pt
[INFO    ][2025-11-19 20:15:39][app.vjepa_droid.train_with_early_stopping][main_with_early_stopping ] Latest model: /data/s185927/vjepa2/weights/droid/4.8.vitg16-256px-8f_025pct/latest.pt
